<?xml version="1.0" encoding="UTF-8"?>
<Site BuildName="(empty)"
	BuildStamp="20241010-1431-Experimental"
	Name="dominik-ntb-ubuntu"
	Generator="ctest-3.28.3"
	CompilerName="/usr/bin/g++"
	CompilerVersion="13.2.0"
	OSName="Linux"
	Hostname="dominik-ntb-ubuntu"
	OSRelease="6.8.0-45-generic"
	OSVersion="#45-Ubuntu SMP PREEMPT_DYNAMIC Fri Aug 30 12:02:04 UTC 2024"
	OSPlatform="x86_64"
	Is64Bits="1"
	VendorString="AuthenticAMD"
	VendorID="Advanced Micro Devices"
	FamilyID="25"
	ModelID="68"
	ProcessorCacheSize="512"
	NumberOfLogicalCPU="16"
	NumberOfPhysicalCPU="8"
	TotalVirtualMemory="4095"
	TotalPhysicalMemory="13656"
	LogicalProcessorsPerPhysical="2"
	ProcessorClockFrequency="3811.22"
	>
	<Testing>
		<StartDateTime>Oct 10 16:31 CEST</StartDateTime>
		<StartTestTime>1728570690</StartTestTime>
		<TestList/>
		<EndDateTime>Oct 10 16:31 CEST</EndDateTime>
		<EndTestTime>1728570690</EndTestTime>
		<ElapsedMinutes>0</ElapsedMinutes>
	</Testing>
</Site>
