[0.012s] Invoking command in '/home/dominik/RRM/ros2_ws/build/cv1': CMAKE_PREFIX_PATH=${CMAKE_PREFIX_PATH}:/opt/ros/jazzy DEBUGINFOD_URLS=https://debuginfod.ubuntu.com /usr/bin/cmake --build /home/dominik/RRM/ros2_ws/build/cv1 -- -j16 -l16
[0.044s] -- Found ament_cmake: 2.5.2 (/opt/ros/jazzy/share/ament_cmake/cmake)
[0.271s] -- Found rclcpp: 28.1.3 (/opt/ros/jazzy/share/rclcpp/cmake)
[0.300s] -- Found rosidl_generator_c: 4.6.3 (/opt/ros/jazzy/share/rosidl_generator_c/cmake)
[0.310s] -- Found rosidl_generator_cpp: 4.6.3 (/opt/ros/jazzy/share/rosidl_generator_cpp/cmake)
[0.322s] -- Using all available rosidl_typesupport_c: rosidl_typesupport_fastrtps_c;rosidl_typesupport_introspection_c
[0.336s] -- Using all available rosidl_typesupport_cpp: rosidl_typesupport_fastrtps_cpp;rosidl_typesupport_introspection_cpp
[0.404s] -- Found rmw_implementation_cmake: 7.3.1 (/opt/ros/jazzy/share/rmw_implementation_cmake/cmake)
[0.406s] -- Found rmw_fastrtps_cpp: 8.4.1 (/opt/ros/jazzy/share/rmw_fastrtps_cpp/cmake)
[0.479s] -- Using RMW implementation 'rmw_fastrtps_cpp' as default
[0.551s] -- Found ament_lint_auto: 0.17.1 (/opt/ros/jazzy/share/ament_lint_auto/cmake)
[0.649s] -- Added test 'cppcheck' to perform static code analysis on C / C++ code
[0.649s] -- Configured cppcheck include dirs: $<BUILD_INTERFACE:/home/dominik/RRM/ros2_ws/src/cv1/include>
[0.649s] -- Configured cppcheck exclude dirs and/or files: 
[0.650s] -- Added test 'lint_cmake' to check CMake code style
[0.650s] -- Added test 'uncrustify' to check C / C++ code style
[0.650s] -- Configured uncrustify additional arguments: 
[0.651s] -- Added test 'xmllint' to check XML markup files
[0.652s] -- Configuring done (0.6s)
[0.663s] -- Generating done (0.0s)
[0.665s] -- Build files have been written to: /home/dominik/RRM/ros2_ws/build/cv1
[0.713s] [ 66%] [32mBuilding CXX object CMakeFiles/cv1_node.dir/src/cv1_node.cpp.o[0m
[0.714s] [ 66%] [32mBuilding CXX object CMakeFiles/cv1_node.dir/src/robot.cpp.o[0m
[2.697s] [01m[K/home/dominik/RRM/ros2_ws/src/cv1/src/cv1_node.cpp:[m[K In function ‚Äò[01m[Kint[01;32m[K main[m[K(int, char**)[m[K‚Äô:
[2.697s] [01m[K/home/dominik/RRM/ros2_ws/src/cv1/src/cv1_node.cpp:11:10:[m[K [01;31m[Kerror: [m[Kexpected ‚Äò[01m[K}[m[K‚Äô at end of input
[2.697s]    11 | return 0;
[2.697s]       |          [01;31m[K^[m[K
[2.698s] [01m[K/home/dominik/RRM/ros2_ws/src/cv1/src/cv1_node.cpp:4:33:[m[K [01;36m[Knote: [m[Kto match this ‚Äò[01m[K{[m[K‚Äô
[2.698s]     4 | int main(int argc, char **argv) [01;36m[K{[m[K
[2.698s]       |                                 [01;36m[K^[m[K
[3.293s] gmake[2]: *** [CMakeFiles/cv1_node.dir/build.make:76: CMakeFiles/cv1_node.dir/src/cv1_node.cpp.o] Error 1
[3.293s] gmake[2]: *** ƒåak√° sa na nedokonƒçen√© √∫lohy....
[3.297s] gmake[1]: *** [CMakeFiles/Makefile2:137: CMakeFiles/cv1_node.dir/all] Error 2
[3.297s] gmake: *** [Makefile:146: all] Error 2
[3.300s] Invoked command in '/home/dominik/RRM/ros2_ws/build/cv1' returned '2': CMAKE_PREFIX_PATH=${CMAKE_PREFIX_PATH}:/opt/ros/jazzy DEBUGINFOD_URLS=https://debuginfod.ubuntu.com /usr/bin/cmake --build /home/dominik/RRM/ros2_ws/build/cv1 -- -j16 -l16
