[01m[K/home/dominik/RRM/ros2_ws/src/block1_surani/src/teleop_node.cpp:[m[K In function â€˜[01m[Kint[01;32m[K main[m[K(int, char**)[m[Kâ€™:
[01m[K/home/dominik/RRM/ros2_ws/src/block1_surani/src/teleop_node.cpp:57:12:[m[K [01;31m[Kerror: [m[Kâ€˜[01m[Kx[m[Kâ€™ was not declared in this scope
   57 |     cin >> [01;31m[Kx[m[K;
      |            [01;31m[K^[m[K
[01m[K/home/dominik/RRM/ros2_ws/src/block1_surani/src/teleop_node.cpp:58:12:[m[K [01;31m[Kerror: [m[Kâ€˜[01m[Ky[m[Kâ€™ was not declared in this scope
   58 |     cin >> [01;31m[Ky[m[K;
      |            [01;31m[K^[m[K
gmake[2]: *** [CMakeFiles/teleop_node.dir/build.make:76: CMakeFiles/teleop_node.dir/src/teleop_node.cpp.o] Error 1
gmake[1]: *** [CMakeFiles/Makefile2:139: CMakeFiles/teleop_node.dir/all] Error 2
gmake: *** [Makefile:146: all] Error 2
