<?xml version="1.0" encoding="UTF-8"?>
<Site BuildName="(empty)"
	BuildStamp="20241111-0706-Experimental"
	Name="dominik-ntb-ubuntu"
	Generator="ctest-3.28.3"
	CompilerName="/usr/bin/g++"
	CompilerVersion="13.2.0"
	OSName="Linux"
	Hostname="dominik-ntb-ubuntu"
	OSRelease="6.8.0-48-generic"
	OSVersion="#48-Ubuntu SMP PREEMPT_DYNAMIC Fri Sep 27 14:04:52 UTC 2024"
	OSPlatform="x86_64"
	Is64Bits="1"
	VendorString="AuthenticAMD"
	VendorID="Advanced Micro Devices"
	FamilyID="25"
	ModelID="68"
	ProcessorCacheSize="512"
	NumberOfLogicalCPU="16"
	NumberOfPhysicalCPU="8"
	TotalVirtualMemory="4095"
	TotalPhysicalMemory="13656"
	LogicalProcessorsPerPhysical="2"
	ProcessorClockFrequency="4641.02"
	>
	<Testing>
		<StartDateTime>Nov 11 08:23 CET</StartDateTime>
		<StartTestTime>1731309795</StartTestTime>
		<TestList/>
		<EndDateTime>Nov 11 08:23 CET</EndDateTime>
		<EndTestTime>1731309795</EndTestTime>
		<ElapsedMinutes>0</ElapsedMinutes>
	</Testing>
</Site>
