[01m[K/home/dominik/RRM/zad1/src/zad1/src/robot.cpp:[m[K In member function ‚Äò[01m[Kvoid Robot::[01;32m[Kmove[m[K(double, double)[m[K‚Äô:
[01m[K/home/dominik/RRM/zad1/src/zad1/src/robot.cpp:9:24:[m[K [01;31m[Kerror: [m[Kexpected primary-expression before ‚Äò[01m[Kconst[m[K‚Äô
    9 |     this->positionX_ = [01;31m[Kconst[m[K double x;
      |                        [01;31m[K^~~~~[m[K
[01m[K/home/dominik/RRM/zad1/src/zad1/src/robot.cpp:10:24:[m[K [01;31m[Kerror: [m[Kexpected primary-expression before ‚Äò[01m[Kconst[m[K‚Äô
   10 |     this->positionY_ = [01;31m[Kconst[m[K double y;
      |                        [01;31m[K^~~~~[m[K
[01m[K/home/dominik/RRM/zad1/src/zad1/src/robot.cpp:8:31:[m[K [01;35m[Kwarning: [m[Kunused parameter ‚Äò[01m[Kx[m[K‚Äô [[01;35m[K]8;;https://gcc.gnu.org/onlinedocs/gcc/Warning-Options.html#index-Wunused-parameter-Wunused-parameter]8;;[m[K]
    8 | void Robot::move([01;35m[Kconst double x[m[K, const double y) {
      |                  [01;35m[K~~~~~~~~~~~~~^[m[K
[01m[K/home/dominik/RRM/zad1/src/zad1/src/robot.cpp:8:47:[m[K [01;35m[Kwarning: [m[Kunused parameter ‚Äò[01m[Ky[m[K‚Äô [[01;35m[K]8;;https://gcc.gnu.org/onlinedocs/gcc/Warning-Options.html#index-Wunused-parameter-Wunused-parameter]8;;[m[K]
    8 | void Robot::move(const double x, [01;35m[Kconst double y[m[K) {
      |                                  [01;35m[K~~~~~~~~~~~~~^[m[K
[01m[K/home/dominik/RRM/zad1/src/zad1/src/zad1_node.cpp:36:1:[m[K [01;31m[Kerror: [m[Kexpected declaration before ‚Äò[01m[K}[m[K‚Äô token
   36 | [01;31m[K}[m[K
      | [01;31m[K^[m[K
gmake[2]: *** [CMakeFiles/zad1_node.dir/build.make:90: CMakeFiles/zad1_node.dir/src/robot.cpp.o] Error 1
gmake[2]: *** ƒåak√° sa na nedokonƒçen√© √∫lohy....
gmake[2]: *** [CMakeFiles/zad1_node.dir/build.make:76: CMakeFiles/zad1_node.dir/src/zad1_node.cpp.o] Error 1
gmake[1]: *** [CMakeFiles/Makefile2:137: CMakeFiles/zad1_node.dir/all] Error 2
gmake: *** [Makefile:146: all] Error 2
