-- Found ament_cmake: 2.5.2 (/opt/ros/jazzy/share/ament_cmake/cmake)
-- Found rclcpp: 28.1.5 (/opt/ros/jazzy/share/rclcpp/cmake)
-- Found rosidl_generator_c: 4.6.4 (/opt/ros/jazzy/share/rosidl_generator_c/cmake)
-- Found rosidl_generator_cpp: 4.6.4 (/opt/ros/jazzy/share/rosidl_generator_cpp/cmake)
-- Using all available rosidl_typesupport_c: rosidl_typesupport_fastrtps_c;rosidl_typesupport_introspection_c
-- Using all available rosidl_typesupport_cpp: rosidl_typesupport_fastrtps_cpp;rosidl_typesupport_introspection_cpp
-- Found rmw_implementation_cmake: 7.3.1 (/opt/ros/jazzy/share/rmw_implementation_cmake/cmake)
-- Found rmw_fastrtps_cpp: 8.4.1 (/opt/ros/jazzy/share/rmw_fastrtps_cpp/cmake)
-- Using RMW implementation 'rmw_fastrtps_cpp' as default
-- Found rrm_msgs: 0.0.0 (/home/dominik/RRM/ros2_ws/install/rrm_msgs/share/rrm_msgs/cmake)
-- Found sensor_msgs: 5.3.5 (/opt/ros/jazzy/share/sensor_msgs/cmake)
-- Found ament_lint_auto: 0.17.1 (/opt/ros/jazzy/share/ament_lint_auto/cmake)
-- Added test 'cppcheck' to perform static code analysis on C / C++ code
-- Configured cppcheck include dirs: $<BUILD_INTERFACE:/home/dominik/RRM/ros2_ws/src/block1_surani/include>
-- Configured cppcheck exclude dirs and/or files: 
-- Added test 'lint_cmake' to check CMake code style
-- Added test 'uncrustify' to check C / C++ code style
-- Configured uncrustify additional arguments: 
-- Added test 'xmllint' to check XML markup files
-- Configuring done (0.9s)
-- Generating done (0.0s)
-- Build files have been written to: /home/dominik/RRM/ros2_ws/build/block1_surani
[ 25%] [32mBuilding CXX object CMakeFiles/logger_node.dir/src/logger_node.cpp.o[0m
[ 50%] [32mBuilding CXX object CMakeFiles/teleop_node.dir/src/teleop_node.cpp.o[0m
[01m[K/home/dominik/RRM/ros2_ws/src/block1_surani/src/logger_node.cpp:7:9:[m[K [01;31m[Kerror: [m[Kextra qualification â€˜[01m[KJointLogger::[m[Kâ€™ on member â€˜[01m[KJointLogger[m[Kâ€™ [[01;31m[K]8;;https://gcc.gnu.org/onlinedocs/gcc/Warning-Options.html#index-fpermissive-fpermissive]8;;[m[K]
    7 |         [01;31m[KJointLogger[m[K::JointLogger() : Node("joint_logger"){
      |         [01;31m[K^~~~~~~~~~~[m[K
[01m[K/home/dominik/RRM/ros2_ws/src/block1_surani/src/logger_node.cpp:12:9:[m[K [01;31m[Kerror: [m[Kâ€˜[01m[KJointLogger::[01;32m[KJointLogger[m[K()[m[Kâ€™ cannot be overloaded with â€˜[01m[KJointLogger::[01;32m[KJointLogger[m[K()[m[Kâ€™
   12 |         [01;31m[KJointLogger[m[K();
      |         [01;31m[K^~~~~~~~~~~[m[K
[01m[K/home/dominik/RRM/ros2_ws/src/block1_surani/src/logger_node.cpp:7:9:[m[K [01;36m[Knote: [m[Kprevious declaration â€˜[01m[KJointLogger::[01;32m[KJointLogger[m[K()[m[Kâ€™
    7 |         [01;36m[KJointLogger[m[K::JointLogger() : Node("joint_logger"){
      |         [01;36m[K^~~~~~~~~~~[m[K
[ 75%] [32m[1mLinking CXX executable teleop_node[0m
[ 75%] Built target teleop_node
gmake[2]: *** [CMakeFiles/logger_node.dir/build.make:76: CMakeFiles/logger_node.dir/src/logger_node.cpp.o] Error 1
gmake[1]: *** [CMakeFiles/Makefile2:165: CMakeFiles/logger_node.dir/all] Error 2
gmake: *** [Makefile:146: all] Error 2
