[0.023s] Invoking command in '/home/dominik/RRM/ros2_ws/build/block1_surani': CMAKE_PREFIX_PATH=/home/dominik/RRM/ros2_ws/install/rrm_msgs:/home/dominik/RRM/ros2_ws/install/rrm_simple_robot_model:/home/dominik/RRM/ros2_ws/install/rrm_sim:/home/dominik/RRM/ros2_ws/install/block1_surani:/home/dominik/RRM/ros2_ws/install/cv1:/home/dominik/RRM/zad1/install/zad1:/opt/ros/jazzy/opt/gz_math_vendor:/opt/ros/jazzy/opt/gz_utils_vendor:/opt/ros/jazzy/opt/gz_cmake_vendor:/opt/ros/jazzy DEBUGINFOD_URLS=https://debuginfod.ubuntu.com /usr/bin/cmake --build /home/dominik/RRM/ros2_ws/build/block1_surani -- -j16 -l16
[0.129s] [ 25%] [32mBuilding CXX object CMakeFiles/logger_node.dir/src/logger_node.cpp.o[0m
[0.132s] [ 50%] [32mBuilding CXX object CMakeFiles/teleop_node.dir/src/teleop_node.cpp.o[0m
[2.622s] [01m[K/home/dominik/RRM/ros2_ws/src/block1_surani/src/teleop_node.cpp:[m[K In function ‚Äò[01m[Kint[01;32m[K main[m[K(int, char**)[m[K‚Äô:
[2.622s] [01m[K/home/dominik/RRM/ros2_ws/src/block1_surani/src/teleop_node.cpp:35:11:[m[K [01;31m[Kerror: [m[K‚Äò[01m[Kclient_[m[K‚Äô was not declared in this scope
[2.622s]    35 |   while (![01;31m[Kclient_[m[K ->wait_for_service (std::chrono::seconds (1))) {
[2.623s]       |           [01;31m[K^~~~~~~[m[K
[2.623s] In file included from [01m[K/opt/ros/jazzy/include/rclcpp/rclcpp/copy_all_parameter_values.hpp:27[m[K,
[2.623s]                  from [01m[K/opt/ros/jazzy/include/rclcpp/rclcpp/rclcpp.hpp:171[m[K,
[2.623s]                  from [01m[K/home/dominik/RRM/ros2_ws/src/block1_surani/src/teleop_node.cpp:1[m[K:
[2.623s] [01m[K/home/dominik/RRM/ros2_ws/src/block1_surani/src/teleop_node.cpp:37:21:[m[K [01;31m[Kerror: [m[Kinvalid use of ‚Äò[01m[Kthis[m[K‚Äô in non-member function
[2.623s]    37 |       RCLCPP_ERROR ([01;31m[Kthis[m[K->get_logger (), "Interrupted while waiting for the service. Exiting." );
[2.623s]       |                     [01;31m[K^~~~[m[K
[2.623s] [01m[K/home/dominik/RRM/ros2_ws/src/block1_surani/src/teleop_node.cpp:37:21:[m[K [01;31m[Kerror: [m[Kinvalid use of ‚Äò[01m[Kthis[m[K‚Äô in non-member function
[2.623s] [01m[K/home/dominik/RRM/ros2_ws/src/block1_surani/src/teleop_node.cpp:37:7:[m[K [01;31m[Kerror: [m[Ktemplate argument 1 is invalid
[2.623s]    37 |       [01;31m[KRCLCPP_ERROR[m[K (this->get_logger (), "Interrupted while waiting for the service. Exiting." );
[2.623s]       |       [01;31m[K^~~~~~~~~~~~[m[K
[2.623s] [01m[K/home/dominik/RRM/ros2_ws/src/block1_surani/src/teleop_node.cpp:37:7:[m[K [01;31m[Kerror: [m[Ktemplate argument 1 is invalid
[2.623s]    37 |       [01;31m[KRCLCPP_ERROR[m[K (this->get_logger (), "Interrupted while waiting for the service. Exiting." );
[2.623s]       |       [01;31m[K^~~~~~~~~~~~[m[K
[2.623s] [01m[K/home/dominik/RRM/ros2_ws/src/block1_surani/src/teleop_node.cpp:37:7:[m[K [01;31m[Kerror: [m[Ktemplate argument 1 is invalid
[2.623s]    37 |       [01;31m[KRCLCPP_ERROR[m[K (this->get_logger (), "Interrupted while waiting for the service. Exiting." );
[2.623s]       |       [01;31m[K^~~~~~~~~~~~[m[K
[2.623s] In file included from [01m[K/opt/ros/jazzy/include/rclcpp/rclcpp/logging.hpp:24[m[K:
[2.623s] [01m[K/home/dominik/RRM/ros2_ws/src/block1_surani/src/teleop_node.cpp:37:21:[m[K [01;31m[Kerror: [m[Kinvalid use of ‚Äò[01m[Kthis[m[K‚Äô in non-member function
[2.623s]    37 |       RCLCPP_ERROR ([01;31m[Kthis[m[K->get_logger (), "Interrupted while waiting for the service. Exiting." );
[2.624s]       |                     [01;31m[K^~~~[m[K
[2.624s] [01m[K/home/dominik/RRM/ros2_ws/src/block1_surani/src/teleop_node.cpp:37:21:[m[K [01;31m[Kerror: [m[Kinvalid use of ‚Äò[01m[Kthis[m[K‚Äô in non-member function
[2.624s]    37 |       RCLCPP_ERROR ([01;31m[Kthis[m[K->get_logger (), "Interrupted while waiting for the service. Exiting." );
[2.624s]       |                     [01;31m[K^~~~[m[K
[2.624s] [01m[K/home/dominik/RRM/ros2_ws/src/block1_surani/src/teleop_node.cpp:38:5:[m[K [01;31m[Kerror: [m[Kreturn-statement with no value, in function returning ‚Äò[01m[Kint[m[K‚Äô [[01;31m[K]8;;https://gcc.gnu.org/onlinedocs/gcc/Warning-Options.html#index-fpermissive-fpermissive]8;;[m[K]
[2.624s]    38 |     [01;31m[Kreturn[m[K;
[2.624s]       |     [01;31m[K^~~~~~[m[K
[2.624s] [01m[K/home/dominik/RRM/ros2_ws/src/block1_surani/src/teleop_node.cpp:41:18:[m[K [01;31m[Kerror: [m[Kinvalid use of ‚Äò[01m[Kthis[m[K‚Äô in non-member function
[2.624s]    41 |     RCLCPP_INFO ([01;31m[Kthis[m[K->get_logger (), "Service not available, waiting again..." );
[2.624s]       |                  [01;31m[K^~~~[m[K
[2.624s] [01m[K/home/dominik/RRM/ros2_ws/src/block1_surani/src/teleop_node.cpp:41:18:[m[K [01;31m[Kerror: [m[Kinvalid use of ‚Äò[01m[Kthis[m[K‚Äô in non-member function
[2.624s] [01m[K/home/dominik/RRM/ros2_ws/src/block1_surani/src/teleop_node.cpp:41:5:[m[K [01;31m[Kerror: [m[Ktemplate argument 1 is invalid
[2.624s]    41 |     [01;31m[KRCLCPP_INFO[m[K (this->get_logger (), "Service not available, waiting again..." );
[2.624s]       |     [01;31m[K^~~~~~~~~~~[m[K
[2.624s] [01m[K/home/dominik/RRM/ros2_ws/src/block1_surani/src/teleop_node.cpp:41:5:[m[K [01;31m[Kerror: [m[Ktemplate argument 1 is invalid
[2.624s]    41 |     [01;31m[KRCLCPP_INFO[m[K (this->get_logger (), "Service not available, waiting again..." );
[2.624s]       |     [01;31m[K^~~~~~~~~~~[m[K
[2.624s] [01m[K/home/dominik/RRM/ros2_ws/src/block1_surani/src/teleop_node.cpp:41:5:[m[K [01;31m[Kerror: [m[Ktemplate argument 1 is invalid
[2.624s]    41 |     [01;31m[KRCLCPP_INFO[m[K (this->get_logger (), "Service not available, waiting again..." );
[2.624s]       |     [01;31m[K^~~~~~~~~~~[m[K
[2.624s] [01m[K/home/dominik/RRM/ros2_ws/src/block1_surani/src/teleop_node.cpp:41:18:[m[K [01;31m[Kerror: [m[Kinvalid use of ‚Äò[01m[Kthis[m[K‚Äô in non-member function
[2.624s]    41 |     RCLCPP_INFO ([01;31m[Kthis[m[K->get_logger (), "Service not available, waiting again..." );
[2.625s]       |                  [01;31m[K^~~~[m[K
[2.625s] [01m[K/home/dominik/RRM/ros2_ws/src/block1_surani/src/teleop_node.cpp:41:18:[m[K [01;31m[Kerror: [m[Kinvalid use of ‚Äò[01m[Kthis[m[K‚Äô in non-member function
[2.625s]    41 |     RCLCPP_INFO ([01;31m[Kthis[m[K->get_logger (), "Service not available, waiting again..." );
[2.625s]       |                  [01;31m[K^~~~[m[K
[2.628s] [01m[K/home/dominik/RRM/ros2_ws/src/block1_surani/src/teleop_node.cpp:48:17:[m[K [01;31m[Kerror: [m[K‚Äò[01m[Kclient_[m[K‚Äô was not declared in this scope
[2.628s]    48 |   auto result = [01;31m[Kclient_[m[K->async_send_request(request);
[2.628s]       |                 [01;31m[K^~~~~~~[m[K
[2.628s] [01m[K/home/dominik/RRM/ros2_ws/src/block1_surani/src/teleop_node.cpp:50:42:[m[K [01;31m[Kerror: [m[Kinvalid use of ‚Äò[01m[Kthis[m[K‚Äô in non-member function
[2.628s]    50 |   if (rclcpp::spin_until_future_complete([01;31m[Kthis[m[K->get_node_base_interface(), result) !=
[2.628s]       |                                          [01;31m[K^~~~[m[K
[2.628s] [01m[K/home/dominik/RRM/ros2_ws/src/block1_surani/src/teleop_node.cpp:52:20:[m[K [01;31m[Kerror: [m[Kinvalid use of ‚Äò[01m[Kthis[m[K‚Äô in non-member function
[2.629s]    52 |       RCLCPP_ERROR([01;31m[Kthis[m[K->get_logger(), "Service call failed"); // Log an error if the service call failed
[2.629s]       |                    [01;31m[K^~~~[m[K
[2.629s] [01m[K/home/dominik/RRM/ros2_ws/src/block1_surani/src/teleop_node.cpp:52:20:[m[K [01;31m[Kerror: [m[Kinvalid use of ‚Äò[01m[Kthis[m[K‚Äô in non-member function
[2.629s] [01m[K/home/dominik/RRM/ros2_ws/src/block1_surani/src/teleop_node.cpp:52:7:[m[K [01;31m[Kerror: [m[Ktemplate argument 1 is invalid
[2.629s]    52 |       [01;31m[KRCLCPP_ERROR[m[K(this->get_logger(), "Service call failed"); // Log an error if the service call failed
[2.629s]       |       [01;31m[K^~~~~~~~~~~~[m[K
[2.629s] [01m[K/home/dominik/RRM/ros2_ws/src/block1_surani/src/teleop_node.cpp:52:7:[m[K [01;31m[Kerror: [m[Ktemplate argument 1 is invalid
[2.629s]    52 |       [01;31m[KRCLCPP_ERROR[m[K(this->get_logger(), "Service call failed"); // Log an error if the service call failed
[2.629s]       |       [01;31m[K^~~~~~~~~~~~[m[K
[2.629s] [01m[K/home/dominik/RRM/ros2_ws/src/block1_surani/src/teleop_node.cpp:52:7:[m[K [01;31m[Kerror: [m[Ktemplate argument 1 is invalid
[2.629s]    52 |       [01;31m[KRCLCPP_ERROR[m[K(this->get_logger(), "Service call failed"); // Log an error if the service call failed
[2.629s]       |       [01;31m[K^~~~~~~~~~~~[m[K
[2.629s] [01m[K/home/dominik/RRM/ros2_ws/src/block1_surani/src/teleop_node.cpp:52:20:[m[K [01;31m[Kerror: [m[Kinvalid use of ‚Äò[01m[Kthis[m[K‚Äô in non-member function
[2.629s]    52 |       RCLCPP_ERROR([01;31m[Kthis[m[K->get_logger(), "Service call failed"); // Log an error if the service call failed
[2.629s]       |                    [01;31m[K^~~~[m[K
[2.629s] [01m[K/home/dominik/RRM/ros2_ws/src/block1_surani/src/teleop_node.cpp:52:20:[m[K [01;31m[Kerror: [m[Kinvalid use of ‚Äò[01m[Kthis[m[K‚Äô in non-member function
[2.629s]    52 |       RCLCPP_ERROR([01;31m[Kthis[m[K->get_logger(), "Service call failed"); // Log an error if the service call failed
[2.629s]       |                    [01;31m[K^~~~[m[K
[2.629s] [01m[K/home/dominik/RRM/ros2_ws/src/block1_surani/src/teleop_node.cpp:58:13:[m[K [01;31m[Kerror: [m[Kinvalid use of ‚Äò[01m[Kthis[m[K‚Äô in non-member function
[2.629s]    58 | RCLCPP_INFO([01;31m[Kthis[m[K->get_logger(), "Service call succeeded: result_code = %d, message = %s",
[2.629s]       |             [01;31m[K^~~~[m[K
[2.630s] [01m[K/home/dominik/RRM/ros2_ws/src/block1_surani/src/teleop_node.cpp:58:13:[m[K [01;31m[Kerror: [m[Kinvalid use of ‚Äò[01m[Kthis[m[K‚Äô in non-member function
[2.630s] [01m[K/home/dominik/RRM/ros2_ws/src/block1_surani/src/teleop_node.cpp:58:1:[m[K [01;31m[Kerror: [m[Ktemplate argument 1 is invalid
[2.630s]    58 | [01;31m[KRCLCPP_INFO[m[K(this->get_logger(), "Service call succeeded: result_code = %d, message = %s",
[2.630s]       | [01;31m[K^~~~~~~~~~~[m[K
[2.630s] [01m[K/home/dominik/RRM/ros2_ws/src/block1_surani/src/teleop_node.cpp:58:1:[m[K [01;31m[Kerror: [m[Ktemplate argument 1 is invalid
[2.630s]    58 | [01;31m[KRCLCPP_INFO[m[K(this->get_logger(), "Service call succeeded: result_code = %d, message = %s",
[2.630s]       | [01;31m[K^~~~~~~~~~~[m[K
[2.630s] [01m[K/home/dominik/RRM/ros2_ws/src/block1_surani/src/teleop_node.cpp:58:1:[m[K [01;31m[Kerror: [m[Ktemplate argument 1 is invalid
[2.630s]    58 | [01;31m[KRCLCPP_INFO[m[K(this->get_logger(), "Service call succeeded: result_code = %d, message = %s",
[2.630s]       | [01;31m[K^~~~~~~~~~~[m[K
[2.630s] [01m[K/home/dominik/RRM/ros2_ws/src/block1_surani/src/teleop_node.cpp:58:13:[m[K [01;31m[Kerror: [m[Kinvalid use of ‚Äò[01m[Kthis[m[K‚Äô in non-member function
[2.630s]    58 | RCLCPP_INFO([01;31m[Kthis[m[K->get_logger(), "Service call succeeded: result_code = %d, message = %s",
[2.630s]       |             [01;31m[K^~~~[m[K
[2.630s] [01m[K/home/dominik/RRM/ros2_ws/src/block1_surani/src/teleop_node.cpp:58:13:[m[K [01;31m[Kerror: [m[Kinvalid use of ‚Äò[01m[Kthis[m[K‚Äô in non-member function
[2.630s]    58 | RCLCPP_INFO([01;31m[Kthis[m[K->get_logger(), "Service call succeeded: result_code = %d, message = %s",
[2.630s]       |             [01;31m[K^~~~[m[K
[2.630s] [01m[K/home/dominik/RRM/ros2_ws/src/block1_surani/src/teleop_node.cpp:62:36:[m[K [01;31m[Kerror: [m[Kinvalid use of ‚Äò[01m[Kthis[m[K‚Äô in non-member function
[2.630s]    62 | rclcpp::spin_until_future_complete([01;31m[Kthis[m[K->get_node_base_interface(), result,
[2.630s]       |                                    [01;31m[K^~~~[m[K
[3.723s] gmake[2]: *** [CMakeFiles/teleop_node.dir/build.make:76: CMakeFiles/teleop_node.dir/src/teleop_node.cpp.o] Error 1
[3.723s] gmake[1]: *** [CMakeFiles/Makefile2:139: CMakeFiles/teleop_node.dir/all] Error 2
[3.723s] gmake[1]: *** ƒåak√° sa na nedokonƒçen√© √∫lohy....
[7.352s] [ 75%] [32m[1mLinking CXX executable logger_node[0m
[7.582s] [ 75%] Built target logger_node
[7.583s] gmake: *** [Makefile:146: all] Error 2
[7.585s] Invoked command in '/home/dominik/RRM/ros2_ws/build/block1_surani' returned '2': CMAKE_PREFIX_PATH=/home/dominik/RRM/ros2_ws/install/rrm_msgs:/home/dominik/RRM/ros2_ws/install/rrm_simple_robot_model:/home/dominik/RRM/ros2_ws/install/rrm_sim:/home/dominik/RRM/ros2_ws/install/block1_surani:/home/dominik/RRM/ros2_ws/install/cv1:/home/dominik/RRM/zad1/install/zad1:/opt/ros/jazzy/opt/gz_math_vendor:/opt/ros/jazzy/opt/gz_utils_vendor:/opt/ros/jazzy/opt/gz_cmake_vendor:/opt/ros/jazzy DEBUGINFOD_URLS=https://debuginfod.ubuntu.com /usr/bin/cmake --build /home/dominik/RRM/ros2_ws/build/block1_surani -- -j16 -l16
