[0.028s] Invoking command in '/home/dominik/RRM/ros2_ws/build/zad2': CMAKE_PREFIX_PATH=/home/dominik/RRM/ros2_ws/install/surani_interface:/home/dominik/RRM/ros2_ws/install/zad2:/home/dominik/RRM/ros2_ws/install/trajectory_visualization:/home/dominik/RRM/ros2_ws/install/block1_surani:/home/dominik/RRM/ros2_ws/install/rrm_simple_robot_model:/home/dominik/RRM/ros2_ws/install/rrm_sim:/home/dominik/RRM/ros2_ws/install/block1_suraniV2:/home/dominik/RRM/ros2_ws/install/rrm_msgs:/home/dominik/RRM/ros2_ws/install/ik_solver_example:/home/dominik/RRM/ros2_ws/install/eigen_example:/home/dominik/RRM/ros2_ws/install/cv1:/home/dominik/RRM/ros2_ws/install/abb_model:/home/dominik/RRM/ros2_ws/install/abb_irb4600_ikfast:/home/dominik/RRM/ros2_ws/install/Surani_interface:/home/dominik/RRM/zad1/install/zad1:/opt/ros/jazzy/opt/gz_math_vendor:/opt/ros/jazzy/opt/gz_utils_vendor:/opt/ros/jazzy/opt/gz_cmake_vendor:/opt/ros/jazzy DEBUGINFOD_URLS=https://debuginfod.ubuntu.com /usr/bin/cmake --build /home/dominik/RRM/ros2_ws/build/zad2 -- -j16 -l16
[0.202s] [ 50%] [32mBuilding CXX object CMakeFiles/zad2_node.dir/src/zad2_node.cpp.o[0m
[4.390s] [01m[K/home/dominik/RRM/ros2_ws/src/zad2/src/zad2_node.cpp:33:55:[m[K [01;31m[Kerror: [m[Kâ€˜[01m[Kstd_srvs[m[Kâ€™ was not declared in this scope
[4.390s]    33 |     void handle_service_request(const std::shared_ptr<[01;31m[Kstd_srvs[m[K::srv::Trigger::Request> request,
[4.390s]       |                                                       [01;31m[K^~~~~~~~[m[K
[4.390s] [01m[K/home/dominik/RRM/ros2_ws/src/zad2/src/zad2_node.cpp:33:86:[m[K [01;31m[Kerror: [m[Ktemplate argument 1 is invalid
[4.391s]    33 | quest(const std::shared_ptr<std_srvs::srv::Trigger::Request[01;31m[K>[m[K request,
[4.391s]       |                                                            [01;31m[K^[m[K
[4.391s] 
[4.397s] [01m[K/home/dominik/RRM/ros2_ws/src/zad2/src/zad2_node.cpp:33:55:[m[K [01;31m[Kerror: [m[Kâ€˜[01m[Kstd_srvs[m[Kâ€™ was not declared in this scope
[4.397s]    33 |     void handle_service_request(const std::shared_ptr<[01;31m[Kstd_srvs[m[K::srv::Trigger::Request> request,
[4.397s]       |                                                       [01;31m[K^~~~~~~~[m[K
[4.397s] [01m[K/home/dominik/RRM/ros2_ws/src/zad2/src/zad2_node.cpp:33:86:[m[K [01;31m[Kerror: [m[Ktemplate argument 1 is invalid
[4.397s]    33 | quest(const std::shared_ptr<std_srvs::srv::Trigger::Request[01;31m[K>[m[K request,
[4.397s]       |                                                            [01;31m[K^[m[K
[4.397s] 
[4.403s] [01m[K/home/dominik/RRM/ros2_ws/src/zad2/src/zad2_node.cpp:33:55:[m[K [01;31m[Kerror: [m[Kâ€˜[01m[Kstd_srvs[m[Kâ€™ was not declared in this scope
[4.404s]    33 |     void handle_service_request(const std::shared_ptr<[01;31m[Kstd_srvs[m[K::srv::Trigger::Request> request,
[4.404s]       |                                                       [01;31m[K^~~~~~~~[m[K
[4.404s] [01m[K/home/dominik/RRM/ros2_ws/src/zad2/src/zad2_node.cpp:33:86:[m[K [01;31m[Kerror: [m[Ktemplate argument 1 is invalid
[4.404s]    33 | quest(const std::shared_ptr<std_srvs::srv::Trigger::Request[01;31m[K>[m[K request,
[4.404s]       |                                                            [01;31m[K^[m[K
[4.404s] 
[4.404s] [01m[K/home/dominik/RRM/ros2_ws/src/zad2/src/zad2_node.cpp:33:39:[m[K [01;31m[Kerror: [m[Kinvalid template-id
[4.404s]    33 |     void handle_service_request(const [01;31m[Kstd[m[K::shared_ptr<std_srvs::srv::Trigger::Request> request,
[4.404s]       |                                       [01;31m[K^~~[m[K
[4.404s] [01m[K/home/dominik/RRM/ros2_ws/src/zad2/src/zad2_node.cpp:33:55:[m[K [01;31m[Kerror: [m[Kâ€˜[01m[Kstd_srvs[m[Kâ€™ has not been declared
[4.404s]    33 |     void handle_service_request(const std::shared_ptr<[01;31m[Kstd_srvs[m[K::srv::Trigger::Request> request,
[4.405s]       |                                                       [01;31m[K^~~~~~~~[m[K
[4.405s] [01m[K/home/dominik/RRM/ros2_ws/src/zad2/src/zad2_node.cpp:33:33:[m[K [01;31m[Kerror: [m[Kmissing template argument list after â€˜[01m[Kstd::shared_ptr[m[Kâ€™; template placeholder not permitted in parameter
[4.405s]    33 |     void handle_service_request([01;31m[Kconst[m[K std::shared_ptr<std_srvs::srv::Trigger::Request> request,
[4.405s]       |                                 [01;31m[K^~~~~[m[K
[4.405s]       |                                      [32m[K<>[m[K
[4.405s] In file included from [01m[K/usr/include/c++/13/bits/shared_ptr.h:53[m[K,
[4.405s]                  from [01m[K/usr/include/c++/13/memory:80[m[K,
[4.405s]                  from [01m[K/opt/ros/jazzy/include/rclcpp/rclcpp/rclcpp.hpp:169[m[K,
[4.405s]                  from [01m[K/home/dominik/RRM/ros2_ws/src/zad2/src/zad2_node.cpp:1[m[K:
[4.405s] [01m[K/usr/include/c++/13/bits/shared_ptr_base.h:395:11:[m[K [01;36m[Knote: [m[Kâ€˜[01m[Ktemplate<class _Tp> class std::shared_ptr[m[Kâ€™ declared here
[4.405s]   395 |     class [01;36m[Kshared_ptr[m[K;
[4.405s]       |           [01;36m[K^~~~~~~~~~[m[K
[4.410s] [01m[K/home/dominik/RRM/ros2_ws/src/zad2/src/zad2_node.cpp:34:49:[m[K [01;31m[Kerror: [m[Kâ€˜[01m[Kstd_srvs[m[Kâ€™ was not declared in this scope
[4.411s]    34 |                                 std::shared_ptr<[01;31m[Kstd_srvs[m[K::srv::Trigger::Response> response) {
[4.411s]       |                                                 [01;31m[K^~~~~~~~[m[K
[4.411s] [01m[K/home/dominik/RRM/ros2_ws/src/zad2/src/zad2_node.cpp:34:81:[m[K [01;31m[Kerror: [m[Ktemplate argument 1 is invalid
[4.411s]    34 |           std::shared_ptr<std_srvs::srv::Trigger::Response[01;31m[K>[m[K response) {
[4.411s]       |                                                           [01;31m[K^[m[K
[4.411s] 
[4.417s] [01m[K/home/dominik/RRM/ros2_ws/src/zad2/src/zad2_node.cpp:34:49:[m[K [01;31m[Kerror: [m[Kâ€˜[01m[Kstd_srvs[m[Kâ€™ was not declared in this scope
[4.418s]    34 |                                 std::shared_ptr<[01;31m[Kstd_srvs[m[K::srv::Trigger::Response> response) {
[4.418s]       |                                                 [01;31m[K^~~~~~~~[m[K
[4.418s] [01m[K/home/dominik/RRM/ros2_ws/src/zad2/src/zad2_node.cpp:34:81:[m[K [01;31m[Kerror: [m[Ktemplate argument 1 is invalid
[4.418s]    34 |           std::shared_ptr<std_srvs::srv::Trigger::Response[01;31m[K>[m[K response) {
[4.418s]       |                                                           [01;31m[K^[m[K
[4.418s] 
[4.425s] [01m[K/home/dominik/RRM/ros2_ws/src/zad2/src/zad2_node.cpp:34:49:[m[K [01;31m[Kerror: [m[Kâ€˜[01m[Kstd_srvs[m[Kâ€™ was not declared in this scope
[4.425s]    34 |                                 std::shared_ptr<[01;31m[Kstd_srvs[m[K::srv::Trigger::Response> response) {
[4.425s]       |                                                 [01;31m[K^~~~~~~~[m[K
[4.425s] [01m[K/home/dominik/RRM/ros2_ws/src/zad2/src/zad2_node.cpp:34:81:[m[K [01;31m[Kerror: [m[Ktemplate argument 1 is invalid
[4.425s]    34 |           std::shared_ptr<std_srvs::srv::Trigger::Response[01;31m[K>[m[K response) {
[4.425s]       |                                                           [01;31m[K^[m[K
[4.426s] 
[4.426s] [01m[K/home/dominik/RRM/ros2_ws/src/zad2/src/zad2_node.cpp:34:33:[m[K [01;31m[Kerror: [m[Kinvalid template-id
[4.426s]    34 |                                 [01;31m[Kstd[m[K::shared_ptr<std_srvs::srv::Trigger::Response> response) {
[4.426s]       |                                 [01;31m[K^~~[m[K
[4.426s] [01m[K/home/dominik/RRM/ros2_ws/src/zad2/src/zad2_node.cpp:34:49:[m[K [01;31m[Kerror: [m[Kâ€˜[01m[Kstd_srvs[m[Kâ€™ has not been declared
[4.426s]    34 |                                 std::shared_ptr<[01;31m[Kstd_srvs[m[K::srv::Trigger::Response> response) {
[4.426s]       |                                                 [01;31m[K^~~~~~~~[m[K
[4.426s] [01m[K/home/dominik/RRM/ros2_ws/src/zad2/src/zad2_node.cpp:34:33:[m[K [01;31m[Kerror: [m[Kmissing template argument list after â€˜[01m[Kstd::shared_ptr[m[Kâ€™; template placeholder not permitted in parameter
[4.426s]    34 |                                 [01;31m[Kstd[m[K::shared_ptr<std_srvs::srv::Trigger::Response> response) {
[4.427s]       |                                 [01;31m[K^~~[m[K
[4.427s]       |                                    [32m[K<>[m[K
[4.427s] [01m[K/usr/include/c++/13/bits/shared_ptr_base.h:395:11:[m[K [01;36m[Knote: [m[Kâ€˜[01m[Ktemplate<class _Tp> class std::shared_ptr[m[Kâ€™ declared here
[4.427s]   395 |     class [01;36m[Kshared_ptr[m[K;
[4.427s]       |           [01;36m[K^~~~~~~~~~[m[K
[4.427s] [01m[K/home/dominik/RRM/ros2_ws/src/zad2/src/zad2_node.cpp:65:30:[m[K [01;31m[Kerror: [m[Kâ€˜[01m[KPhase[m[Kâ€™ does not name a type
[4.427s]    65 |     void execute_phase(const [01;31m[KPhase[m[K& phase) {
[4.427s]       |                              [01;31m[K^~~~~[m[K
[4.445s] [01m[K/home/dominik/RRM/ros2_ws/src/zad2/src/zad2_node.cpp:106:21:[m[K [01;31m[Kerror: [m[Kâ€˜[01m[Kstd_srvs[m[Kâ€™ was not declared in this scope
[4.446s]   106 |     rclcpp::Service<[01;31m[Kstd_srvs[m[K::srv::Trigger>::SharedPtr service_;
[4.446s]       |                     [01;31m[K^~~~~~~~[m[K
[4.446s] [01m[K/home/dominik/RRM/ros2_ws/src/zad2/src/zad2_node.cpp:106:43:[m[K [01;31m[Kerror: [m[Ktemplate argument 1 is invalid
[4.446s]   106 |     rclcpp::Service<std_srvs::srv::Trigger[01;31m[K>[m[K::SharedPtr service_;
[4.446s]       |                                           [01;31m[K^[m[K
[4.446s] [01m[K/home/dominik/RRM/ros2_ws/src/zad2/src/zad2_node.cpp:106:46:[m[K [01;31m[Kerror: [m[Kexpected â€˜[01m[K;[m[Kâ€™ at end of member declaration
[4.446s]   106 |     rclcpp::Service<std_srvs::srv::Trigger>::[01;31m[KSharedPtr[m[K service_;
[4.446s]       |                                              [01;31m[K^~~~~~~~~[m[K
[4.447s]       |                                                       [32m[K;[m[K
[4.448s] [01m[K/home/dominik/RRM/ros2_ws/src/zad2/src/zad2_node.cpp:106:56:[m[K [01;31m[Kerror: [m[Kâ€˜[01m[Kservice_[m[Kâ€™ does not name a type
[4.448s]   106 |     rclcpp::Service<std_srvs::srv::Trigger>::SharedPtr [01;31m[Kservice_[m[K;
[4.448s]       |                                                        [01;31m[K^~~~~~~~[m[K
[4.463s] [01m[K/home/dominik/RRM/ros2_ws/src/zad2/src/zad2_node.cpp:[m[K In constructor â€˜[01m[KCartesianTrajectoryPlanner::[01;32m[KCartesianTrajectoryPlanner[m[K()[m[Kâ€™:
[4.463s] [01m[K/home/dominik/RRM/ros2_ws/src/zad2/src/zad2_node.cpp:14:9:[m[K [01;31m[Kerror: [m[Kâ€˜[01m[Kservice_[m[Kâ€™ was not declared in this scope; did you mean â€˜[01m[Kservice_msgs[m[Kâ€™?
[4.463s]    14 |         [01;31m[Kservice_[m[K = this->create_service<std_srvs::srv::Trigger>(
[4.463s]       |         [01;31m[K^~~~~~~~[m[K
[4.463s]       |         [32m[Kservice_msgs[m[K
[4.472s] [01m[K/home/dominik/RRM/ros2_ws/src/zad2/src/zad2_node.cpp:14:41:[m[K [01;31m[Kerror: [m[Kâ€˜[01m[Kstd_srvs[m[Kâ€™ was not declared in this scope
[4.472s]    14 |         service_ = this->create_service<[01;31m[Kstd_srvs[m[K::srv::Trigger>(
[4.472s]       |                                         [01;31m[K^~~~~~~~[m[K
[4.473s] [01m[K/home/dominik/RRM/ros2_ws/src/zad2/src/zad2_node.cpp:14:26:[m[K [01;31m[Kerror: [m[Kparse error in template argument list
[4.473s]    14 |         service_ = this->[01;31m[Kcreate_service<std_srvs::srv::Trigger>[m[K(
[4.473s]       |                          [01;31m[K^~~~~~~~~~~~~~~~~~~~~~~~~~~~~~~~~~~~~~[m[K
[4.482s] [01m[K/home/dominik/RRM/ros2_ws/src/zad2/src/zad2_node.cpp:14:64:[m[K [01;31m[Kerror: [m[Kno matching function for call to â€˜[01m[KCartesianTrajectoryPlanner::create_service<<expression error> >(const char [17], std::_Bind_helper<false, void (CartesianTrajectoryPlanner::*)(...), CartesianTrajectoryPlanner*, const std::_Placeholder<1>&, const std::_Placeholder<2>&>::type)[m[Kâ€™
[4.483s]    14 |         service_ = [01;31m[Kthis->create_service<std_srvs::srv::Trigger>([m[K
[4.483s]       |                    [01;31m[K~~~~~~~~~~~~~~~~~~~~~~~~~~~~~~~~~~~~~~~~~~~~^[m[K
[4.483s]    15 | [01;31m[K            "start_trajectory",[m[K
[4.483s]       |             [01;31m[K~~~~~~~~~~~~~~~~~~~[m[K                                 
[4.483s]    16 | [01;31m[K            std::bind(&CartesianTrajectoryPlanner::handle_service_request, this, std::placeholders::_1, std::placeholders::_2)[m[K
[4.483s]       |             [01;31m[K~~~~~~~~~~~~~~~~~~~~~~~~~~~~~~~~~~~~~~~~~~~~~~~~~~~~~~~~~~~~~~~~~~~~~~~~~~~~~~~~~~~~~~~~~~~~~~~~~~~~~~~~~~~~~~~~~~[m[K
[4.483s]    17 | [01;31m[K        )[m[K;
[4.483s]       |         [01;31m[K~[m[K                                                       
[4.484s] In file included from [01m[K/opt/ros/jazzy/include/rclcpp/rclcpp/executors/single_threaded_executor.hpp:28[m[K,
[4.484s]                  from [01m[K/opt/ros/jazzy/include/rclcpp/rclcpp/executors.hpp:22[m[K,
[4.484s]                  from [01m[K/opt/ros/jazzy/include/rclcpp/rclcpp/rclcpp.hpp:172[m[K:
[4.484s] [01m[K/opt/ros/jazzy/include/rclcpp/rclcpp/node.hpp:302:3:[m[K [01;36m[Knote: [m[Kcandidate: â€˜[01m[Ktemplate<class ServiceT, class CallbackT> typename rclcpp::Service<ServiceT>::SharedPtr rclcpp::Node::[01;32m[Kcreate_service[m[K(const std::string&, CallbackT&&, const rmw_qos_profile_t&, rclcpp::CallbackGroup::SharedPtr)[m[Kâ€™
[4.484s]   302 |   [01;36m[Kcreate_service[m[K(
[4.484s]       |   [01;36m[K^~~~~~~~~~~~~~[m[K
[4.484s] [01m[K/opt/ros/jazzy/include/rclcpp/rclcpp/node.hpp:302:3:[m[K [01;36m[Knote: [m[K  candidate expects 3 arguments, 2 provided
[4.484s] [01m[K/opt/ros/jazzy/include/rclcpp/rclcpp/node.hpp:318:3:[m[K [01;36m[Knote: [m[Kcandidate: â€˜[01m[Ktemplate<class ServiceT, class CallbackT> typename rclcpp::Service<ServiceT>::SharedPtr rclcpp::Node::[01;32m[Kcreate_service[m[K(const std::string&, CallbackT&&, const rclcpp::QoS&, rclcpp::CallbackGroup::SharedPtr)[m[Kâ€™
[4.484s]   318 |   [01;36m[Kcreate_service[m[K(
[4.484s]       |   [01;36m[K^~~~~~~~~~~~~~[m[K
[4.484s] [01m[K/opt/ros/jazzy/include/rclcpp/rclcpp/node.hpp:318:3:[m[K [01;36m[Knote: [m[K  template argument deduction/substitution failed:
[4.484s] [01m[K/home/dominik/RRM/ros2_ws/src/zad2/src/zad2_node.cpp:14:64:[m[K [01;31m[Kerror: [m[Ktemplate argument 1 is invalid
[4.485s]    14 |         service_ = [01;31m[Kthis->create_service<std_srvs::srv::Trigger>([m[K
[4.485s]       |                    [01;31m[K~~~~~~~~~~~~~~~~~~~~~~~~~~~~~~~~~~~~~~~~~~~~^[m[K
[4.485s]    15 | [01;31m[K            "start_trajectory",[m[K
[4.485s]       |             [01;31m[K~~~~~~~~~~~~~~~~~~~[m[K                                 
[4.485s]    16 | [01;31m[K            std::bind(&CartesianTrajectoryPlanner::handle_service_request, this, std::placeholders::_1, std::placeholders::_2)[m[K
[4.485s]       |             [01;31m[K~~~~~~~~~~~~~~~~~~~~~~~~~~~~~~~~~~~~~~~~~~~~~~~~~~~~~~~~~~~~~~~~~~~~~~~~~~~~~~~~~~~~~~~~~~~~~~~~~~~~~~~~~~~~~~~~~~[m[K
[4.485s]    17 | [01;31m[K        )[m[K;
[4.485s]       |         [01;31m[K~[m[K                                                       
[4.485s] [01m[K/home/dominik/RRM/ros2_ws/src/zad2/src/zad2_node.cpp:[m[K In member function â€˜[01m[Kvoid CartesianTrajectoryPlanner::[01;32m[Kinitialize_tool_position[m[K()[m[Kâ€™:
[4.485s] [01m[K/home/dominik/RRM/ros2_ws/src/zad2/src/zad2_node.cpp:28:67:[m[K [01;31m[Kerror: [m[Kno match for â€˜[01m[Koperator=[m[Kâ€™ (operand types are â€˜[01m[Kgeometry_msgs::msg::Pose_<std::allocator<void> >::_orientation_type[m[Kâ€™ {aka â€˜[01m[Kgeometry_msgs::msg::Quaternion_<std::allocator<void> >[m[Kâ€™} and â€˜[01m[KEigen::Quaterniond[m[Kâ€™ {aka â€˜[01m[KEigen::Quaternion<double>[m[Kâ€™})
[4.485s]    28 |         tool_pose_.pose.orientation = create_quaternion(0, 1, 0, 1[01;31m[K)[m[K;
[4.486s]       |                                                                   [01;31m[K^[m[K
[4.486s] In file included from [01m[K/opt/ros/jazzy/include/geometry_msgs/geometry_msgs/msg/detail/pose__struct.hpp:25[m[K,
[4.486s]                  from [01m[K/opt/ros/jazzy/include/geometry_msgs/geometry_msgs/msg/detail/pose_stamped__struct.hpp:25[m[K,
[4.486s]                  from [01m[K/opt/ros/jazzy/include/geometry_msgs/geometry_msgs/msg/pose_stamped.hpp:7[m[K,
[4.486s]                  from [01m[K/home/dominik/RRM/ros2_ws/src/zad2/src/zad2_node.cpp:2[m[K:
[4.486s] [01m[K/opt/ros/jazzy/include/geometry_msgs/geometry_msgs/msg/detail/quaternion__struct.hpp:35:8:[m[K [01;36m[Knote: [m[Kcandidate: â€˜[01m[Kconstexpr geometry_msgs::msg::Quaternion_<std::allocator<void> >& geometry_msgs::msg::Quaternion_<std::allocator<void> >::[01;32m[Koperator=[m[K(const geometry_msgs::msg::Quaternion_<std::allocator<void> >&)[m[Kâ€™
[4.486s]    35 | struct [01;36m[KQuaternion_[m[K
[4.486s]       |        [01;36m[K^~~~~~~~~~~[m[K
[4.486s] [01m[K/opt/ros/jazzy/include/geometry_msgs/geometry_msgs/msg/detail/quaternion__struct.hpp:35:8:[m[K [01;36m[Knote: [m[K  no known conversion for argument 1 from â€˜[01m[KEigen::Quaterniond[m[Kâ€™ {aka â€˜[01m[KEigen::Quaternion<double>[m[Kâ€™} to â€˜[01m[Kconst geometry_msgs::msg::Quaternion_<std::allocator<void> >&[m[Kâ€™
[4.486s] [01m[K/opt/ros/jazzy/include/geometry_msgs/geometry_msgs/msg/detail/quaternion__struct.hpp:35:8:[m[K [01;36m[Knote: [m[Kcandidate: â€˜[01m[Kconstexpr geometry_msgs::msg::Quaternion_<std::allocator<void> >& geometry_msgs::msg::Quaternion_<std::allocator<void> >::[01;32m[Koperator=[m[K(geometry_msgs::msg::Quaternion_<std::allocator<void> >&&)[m[Kâ€™
[4.486s] [01m[K/opt/ros/jazzy/include/geometry_msgs/geometry_msgs/msg/detail/quaternion__struct.hpp:35:8:[m[K [01;36m[Knote: [m[K  no known conversion for argument 1 from â€˜[01m[KEigen::Quaterniond[m[Kâ€™ {aka â€˜[01m[KEigen::Quaternion<double>[m[Kâ€™} to â€˜[01m[Kgeometry_msgs::msg::Quaternion_<std::allocator<void> >&&[m[Kâ€™
[4.493s] [01m[K/home/dominik/RRM/ros2_ws/src/zad2/src/zad2_node.cpp:[m[K In member function â€˜[01m[Kvoid CartesianTrajectoryPlanner::[01;32m[Khandle_service_request[m[K(...)[m[Kâ€™:
[4.493s] [01m[K/home/dominik/RRM/ros2_ws/src/zad2/src/zad2_node.cpp:36:9:[m[K [01;31m[Kerror: [m[Kâ€˜[01m[Kresponse[m[Kâ€™ was not declared in this scope
[4.493s]    36 |         [01;31m[Kresponse[m[K->success = true;
[4.494s]       |         [01;31m[K^~~~~~~~[m[K
[4.513s] [01m[K/home/dominik/RRM/ros2_ws/src/zad2/src/zad2_node.cpp:[m[K In member function â€˜[01m[Kvoid CartesianTrajectoryPlanner::[01;32m[Kexecute_trajectory[m[K()[m[Kâ€™:
[4.514s] [01m[K/home/dominik/RRM/ros2_ws/src/zad2/src/zad2_node.cpp:61:27:[m[K [01;31m[Kerror: [m[Kcannot convert â€˜[01m[Kconst CartesianTrajectoryPlanner::execute_trajectory()::Phase[m[Kâ€™ to â€˜[01m[Kconst int&[m[Kâ€™
[4.514s]    61 |             execute_phase([01;31m[Kphase[m[K);
[4.514s]       |                           [01;31m[K^~~~~[m[K
[4.514s]       |                           [01;31m[K|[m[K
[4.515s]       |                           [01;31m[Kconst CartesianTrajectoryPlanner::execute_trajectory()::Phase[m[K
[4.515s] [01m[K/home/dominik/RRM/ros2_ws/src/zad2/src/zad2_node.cpp:65:37:[m[K [01;36m[Knote: [m[K  initializing argument 1 of â€˜[01m[Kvoid CartesianTrajectoryPlanner::[01;32m[Kexecute_phase[m[K(const int&)[m[Kâ€™
[4.515s]    65 |     void execute_phase([01;36m[Kconst Phase& phase[m[K) {
[4.515s]       |                        [01;36m[K~~~~~~~~~~~~~^~~~~[m[K
[4.515s] [01m[K/home/dominik/RRM/ros2_ws/src/zad2/src/zad2_node.cpp:[m[K In member function â€˜[01m[Kvoid CartesianTrajectoryPlanner::[01;32m[Kexecute_phase[m[K(const int&)[m[Kâ€™:
[4.515s] [01m[K/home/dominik/RRM/ros2_ws/src/zad2/src/zad2_node.cpp:68:33:[m[K [01;31m[Kerror: [m[Krequest for member â€˜[01m[Kduration[m[Kâ€™ in â€˜[01m[Kphase[m[Kâ€™, which is of non-class type â€˜[01m[Kconst int[m[Kâ€™
[4.515s]    68 |         double duration = phase.[01;31m[Kduration[m[K;
[4.515s]       |                                 [01;31m[K^~~~~~~~[m[K
[4.515s] [01m[K/home/dominik/RRM/ros2_ws/src/zad2/src/zad2_node.cpp:81:60:[m[K [01;31m[Kerror: [m[Krequest for member â€˜[01m[Kstart_pos[m[Kâ€™ in â€˜[01m[Kphase[m[Kâ€™, which is of non-class type â€˜[01m[Kconst int[m[Kâ€™
[4.515s]    81 |            Eigen::Vector3d position = (1 - alpha) * phase.[01;31m[Kstart_pos[m[K + alpha * phase.end_pos;
[4.516s]       |                                                           [01;31m[K^~~~~~~~~[m[K
[4.516s] 
[4.516s] [01m[K/home/dominik/RRM/ros2_ws/src/zad2/src/zad2_node.cpp:81:86:[m[K [01;31m[Kerror: [m[Krequest for member â€˜[01m[Kend_pos[m[Kâ€™ in â€˜[01m[Kphase[m[Kâ€™, which is of non-class type â€˜[01m[Kconst int[m[Kâ€™
[4.516s]    81 | r3d position = (1 - alpha) * phase.start_pos + alpha * phase.[01;31m[Kend_pos[m[K;
[4.516s]       |                                                              [01;31m[K^~~~~~~[m[K
[4.516s] 
[4.516s] [01m[K/home/dominik/RRM/ros2_ws/src/zad2/src/zad2_node.cpp:82:49:[m[K [01;31m[Kerror: [m[Krequest for member â€˜[01m[Kstart_rot[m[Kâ€™ in â€˜[01m[Kphase[m[Kâ€™, which is of non-class type â€˜[01m[Kconst int[m[Kâ€™
[4.516s]    82 |             Eigen::Quaterniond rotation = phase.[01;31m[Kstart_rot[m[K.slerp(alpha, phase.end_rot);
[4.516s]       |                                                 [01;31m[K^~~~~~~~~[m[K
[4.516s] [01m[K/home/dominik/RRM/ros2_ws/src/zad2/src/zad2_node.cpp:82:78:[m[K [01;31m[Kerror: [m[Krequest for member â€˜[01m[Kend_rot[m[Kâ€™ in â€˜[01m[Kphase[m[Kâ€™, which is of non-class type â€˜[01m[Kconst int[m[Kâ€™
[4.516s]    82 | ::Quaterniond rotation = phase.start_rot.slerp(alpha, phase.[01;31m[Kend_rot[m[K);
[4.516s]       |                                                             [01;31m[K^~~~~~~[m[K
[4.517s] 
[6.403s] gmake[2]: *** [CMakeFiles/zad2_node.dir/build.make:76: CMakeFiles/zad2_node.dir/src/zad2_node.cpp.o] Error 1
[6.403s] gmake[1]: *** [CMakeFiles/Makefile2:137: CMakeFiles/zad2_node.dir/all] Error 2
[6.404s] gmake: *** [Makefile:146: all] Error 2
[6.408s] Invoked command in '/home/dominik/RRM/ros2_ws/build/zad2' returned '2': CMAKE_PREFIX_PATH=/home/dominik/RRM/ros2_ws/install/surani_interface:/home/dominik/RRM/ros2_ws/install/zad2:/home/dominik/RRM/ros2_ws/install/trajectory_visualization:/home/dominik/RRM/ros2_ws/install/block1_surani:/home/dominik/RRM/ros2_ws/install/rrm_simple_robot_model:/home/dominik/RRM/ros2_ws/install/rrm_sim:/home/dominik/RRM/ros2_ws/install/block1_suraniV2:/home/dominik/RRM/ros2_ws/install/rrm_msgs:/home/dominik/RRM/ros2_ws/install/ik_solver_example:/home/dominik/RRM/ros2_ws/install/eigen_example:/home/dominik/RRM/ros2_ws/install/cv1:/home/dominik/RRM/ros2_ws/install/abb_model:/home/dominik/RRM/ros2_ws/install/abb_irb4600_ikfast:/home/dominik/RRM/ros2_ws/install/Surani_interface:/home/dominik/RRM/zad1/install/zad1:/opt/ros/jazzy/opt/gz_math_vendor:/opt/ros/jazzy/opt/gz_utils_vendor:/opt/ros/jazzy/opt/gz_cmake_vendor:/opt/ros/jazzy DEBUGINFOD_URLS=https://debuginfod.ubuntu.com /usr/bin/cmake --build /home/dominik/RRM/ros2_ws/build/zad2 -- -j16 -l16
