[0.030s] Invoking command in '/home/dominik/RRM/ros2_ws/build/zad2': CMAKE_PREFIX_PATH=/home/dominik/RRM/ros2_ws/install/surani_interface:/home/dominik/RRM/ros2_ws/install/zad2:/home/dominik/RRM/ros2_ws/install/trajectory_visualization:/home/dominik/RRM/ros2_ws/install/block1_surani:/home/dominik/RRM/ros2_ws/install/rrm_simple_robot_model:/home/dominik/RRM/ros2_ws/install/rrm_sim:/home/dominik/RRM/ros2_ws/install/block1_suraniV2:/home/dominik/RRM/ros2_ws/install/rrm_msgs:/home/dominik/RRM/ros2_ws/install/ik_solver_example:/home/dominik/RRM/ros2_ws/install/eigen_example:/home/dominik/RRM/ros2_ws/install/cv1:/home/dominik/RRM/ros2_ws/install/abb_model:/home/dominik/RRM/ros2_ws/install/abb_irb4600_ikfast:/home/dominik/RRM/ros2_ws/install/Surani_interface:/home/dominik/RRM/zad1/install/zad1:/opt/ros/jazzy/opt/gz_math_vendor:/opt/ros/jazzy/opt/gz_utils_vendor:/opt/ros/jazzy/opt/gz_cmake_vendor:/opt/ros/jazzy DEBUGINFOD_URLS=https://debuginfod.ubuntu.com /usr/bin/cmake --build /home/dominik/RRM/ros2_ws/build/zad2 -- -j16 -l16
[0.189s] [ 50%] [32mBuilding CXX object CMakeFiles/zad2_node.dir/src/zad2_node.cpp.o[0m
[4.001s] [01m[K/home/dominik/RRM/ros2_ws/src/zad2/src/zad2_node.cpp:73:30:[m[K [01;31m[Kerror: [m[Kâ€˜[01m[KPhase[m[Kâ€™ does not name a type
[4.002s]    73 |     void execute_phase(const [01;31m[KPhase[m[K& phase) {
[4.002s]       |                              [01;31m[K^~~~~[m[K
[4.049s] [01m[K/home/dominik/RRM/ros2_ws/src/zad2/src/zad2_node.cpp:[m[K In member function â€˜[01m[Kvoid TrajectoryPlanner::[01;32m[Khandle_service_request[m[K(std::shared_ptr<surani_interface::srv::TeachPoint_Request_<std::allocator<void> > >, std::shared_ptr<surani_interface::srv::TeachPoint_Response_<std::allocator<void> > >)[m[Kâ€™:
[4.049s] [01m[K/home/dominik/RRM/ros2_ws/src/zad2/src/zad2_node.cpp:41:99:[m[K [01;35m[Kwarning: [m[Kunused parameter â€˜[01m[Krequest[m[Kâ€™ [[01;35m[K]8;;https://gcc.gnu.org/onlinedocs/gcc/Warning-Options.html#index-Wunused-parameter-Wunused-parameter]8;;[m[K]
[4.049s]    41 | [01;35m[K std::shared_ptr<surani_interface::srv::TeachPoint::Request> request[m[K,
[4.049s]       |  [01;35m[K~~~~~~~~~~~~~~~~~~~~~~~~~~~~~~~~~~~~~~~~~~~~~~~~~~~~~~~~~~~~^~~~~~~[m[K
[4.049s] 
[4.065s] [01m[K/home/dominik/RRM/ros2_ws/src/zad2/src/zad2_node.cpp:[m[K In member function â€˜[01m[Kvoid TrajectoryPlanner::[01;32m[Kexecute_trajectory[m[K()[m[Kâ€™:
[4.065s] [01m[K/home/dominik/RRM/ros2_ws/src/zad2/src/zad2_node.cpp:69:27:[m[K [01;31m[Kerror: [m[Kcannot convert â€˜[01m[Kconst TrajectoryPlanner::execute_trajectory()::Phase[m[Kâ€™ to â€˜[01m[Kconst int&[m[Kâ€™
[4.065s]    69 |             execute_phase([01;31m[Kphase[m[K);
[4.065s]       |                           [01;31m[K^~~~~[m[K
[4.065s]       |                           [01;31m[K|[m[K
[4.066s]       |                           [01;31m[Kconst TrajectoryPlanner::execute_trajectory()::Phase[m[K
[4.066s] [01m[K/home/dominik/RRM/ros2_ws/src/zad2/src/zad2_node.cpp:73:37:[m[K [01;36m[Knote: [m[K  initializing argument 1 of â€˜[01m[Kvoid TrajectoryPlanner::[01;32m[Kexecute_phase[m[K(const int&)[m[Kâ€™
[4.066s]    73 |     void execute_phase([01;36m[Kconst Phase& phase[m[K) {
[4.066s]       |                        [01;36m[K~~~~~~~~~~~~~^~~~~[m[K
[4.066s] [01m[K/home/dominik/RRM/ros2_ws/src/zad2/src/zad2_node.cpp:[m[K In member function â€˜[01m[Kvoid TrajectoryPlanner::[01;32m[Kexecute_phase[m[K(const int&)[m[Kâ€™:
[4.066s] [01m[K/home/dominik/RRM/ros2_ws/src/zad2/src/zad2_node.cpp:76:33:[m[K [01;31m[Kerror: [m[Krequest for member â€˜[01m[Kduration[m[Kâ€™ in â€˜[01m[Kphase[m[Kâ€™, which is of non-class type â€˜[01m[Kconst int[m[Kâ€™
[4.066s]    76 |         double duration = phase.[01;31m[Kduration[m[K;
[4.066s]       |                                 [01;31m[K^~~~~~~~[m[K
[4.066s] [01m[K/home/dominik/RRM/ros2_ws/src/zad2/src/zad2_node.cpp:89:60:[m[K [01;31m[Kerror: [m[Krequest for member â€˜[01m[Kstart_pos[m[Kâ€™ in â€˜[01m[Kphase[m[Kâ€™, which is of non-class type â€˜[01m[Kconst int[m[Kâ€™
[4.067s]    89 |            Eigen::Vector3d position = (1 - alpha) * phase.[01;31m[Kstart_pos[m[K + alpha * phase.end_pos;
[4.067s]       |                                                           [01;31m[K^~~~~~~~~[m[K
[4.067s] 
[4.067s] [01m[K/home/dominik/RRM/ros2_ws/src/zad2/src/zad2_node.cpp:89:86:[m[K [01;31m[Kerror: [m[Krequest for member â€˜[01m[Kend_pos[m[Kâ€™ in â€˜[01m[Kphase[m[Kâ€™, which is of non-class type â€˜[01m[Kconst int[m[Kâ€™
[4.067s]    89 | r3d position = (1 - alpha) * phase.start_pos + alpha * phase.[01;31m[Kend_pos[m[K;
[4.067s]       |                                                              [01;31m[K^~~~~~~[m[K
[4.067s] 
[4.067s] [01m[K/home/dominik/RRM/ros2_ws/src/zad2/src/zad2_node.cpp:90:49:[m[K [01;31m[Kerror: [m[Krequest for member â€˜[01m[Kstart_rot[m[Kâ€™ in â€˜[01m[Kphase[m[Kâ€™, which is of non-class type â€˜[01m[Kconst int[m[Kâ€™
[4.067s]    90 |             Eigen::Quaterniond rotation = phase.[01;31m[Kstart_rot[m[K.slerp(alpha, phase.end_rot);
[4.067s]       |                                                 [01;31m[K^~~~~~~~~[m[K
[4.067s] [01m[K/home/dominik/RRM/ros2_ws/src/zad2/src/zad2_node.cpp:90:78:[m[K [01;31m[Kerror: [m[Krequest for member â€˜[01m[Kend_rot[m[Kâ€™ in â€˜[01m[Kphase[m[Kâ€™, which is of non-class type â€˜[01m[Kconst int[m[Kâ€™
[4.067s]    90 | ::Quaterniond rotation = phase.start_rot.slerp(alpha, phase.[01;31m[Kend_rot[m[K);
[4.067s]       |                                                             [01;31m[K^~~~~~~[m[K
[4.067s] 
[6.330s] gmake[2]: *** [CMakeFiles/zad2_node.dir/build.make:76: CMakeFiles/zad2_node.dir/src/zad2_node.cpp.o] Error 1
[6.331s] gmake[1]: *** [CMakeFiles/Makefile2:137: CMakeFiles/zad2_node.dir/all] Error 2
[6.332s] gmake: *** [Makefile:146: all] Error 2
[6.336s] Invoked command in '/home/dominik/RRM/ros2_ws/build/zad2' returned '2': CMAKE_PREFIX_PATH=/home/dominik/RRM/ros2_ws/install/surani_interface:/home/dominik/RRM/ros2_ws/install/zad2:/home/dominik/RRM/ros2_ws/install/trajectory_visualization:/home/dominik/RRM/ros2_ws/install/block1_surani:/home/dominik/RRM/ros2_ws/install/rrm_simple_robot_model:/home/dominik/RRM/ros2_ws/install/rrm_sim:/home/dominik/RRM/ros2_ws/install/block1_suraniV2:/home/dominik/RRM/ros2_ws/install/rrm_msgs:/home/dominik/RRM/ros2_ws/install/ik_solver_example:/home/dominik/RRM/ros2_ws/install/eigen_example:/home/dominik/RRM/ros2_ws/install/cv1:/home/dominik/RRM/ros2_ws/install/abb_model:/home/dominik/RRM/ros2_ws/install/abb_irb4600_ikfast:/home/dominik/RRM/ros2_ws/install/Surani_interface:/home/dominik/RRM/zad1/install/zad1:/opt/ros/jazzy/opt/gz_math_vendor:/opt/ros/jazzy/opt/gz_utils_vendor:/opt/ros/jazzy/opt/gz_cmake_vendor:/opt/ros/jazzy DEBUGINFOD_URLS=https://debuginfod.ubuntu.com /usr/bin/cmake --build /home/dominik/RRM/ros2_ws/build/zad2 -- -j16 -l16
