[0.019s] Invoking command in '/home/dominik/RRM/zad1/build/zad1': CMAKE_PREFIX_PATH=${CMAKE_PREFIX_PATH}:/opt/ros/jazzy DEBUGINFOD_URLS=https://debuginfod.ubuntu.com /usr/bin/cmake --build /home/dominik/RRM/zad1/build/zad1 -- -j16 -l16
[0.138s] [ 66%] [32mBuilding CXX object CMakeFiles/zad1_node.dir/src/robot.cpp.o[0m
[0.138s] [ 66%] [32mBuilding CXX object CMakeFiles/zad1_node.dir/src/zad1_node.cpp.o[0m
[2.935s] [01m[K/home/dominik/RRM/zad1/src/zad1/src/robot.cpp:[m[K In member function ‚Äò[01m[Kvoid Robot::[01;32m[Kmove[m[K(double, double)[m[K‚Äô:
[2.935s] [01m[K/home/dominik/RRM/zad1/src/zad1/src/robot.cpp:10:7:[m[K [01;31m[Kerror: [m[K‚Äò[01m[Kclass Robot[m[K‚Äô has no member named ‚Äò[01m[Kpositionx_[m[K‚Äô; did you mean ‚Äò[01m[Kposition_[m[K‚Äô?
[2.935s]    10 | this->[01;31m[Kpositionx_[m[K = double x;
[2.935s]       |       [01;31m[K^~~~~~~~~~[m[K
[2.935s]       |       [32m[Kposition_[m[K
[2.935s] [01m[K/home/dominik/RRM/zad1/src/zad1/src/robot.cpp:10:20:[m[K [01;31m[Kerror: [m[Kexpected primary-expression before ‚Äò[01m[Kdouble[m[K‚Äô
[2.935s]    10 | this->positionx_ = [01;31m[Kdouble[m[K x;
[2.935s]       |                    [01;31m[K^~~~~~[m[K
[2.935s] [01m[K/home/dominik/RRM/zad1/src/zad1/src/robot.cpp:11:7:[m[K [01;31m[Kerror: [m[K‚Äò[01m[Kclass Robot[m[K‚Äô has no member named ‚Äò[01m[Kpositiony_[m[K‚Äô; did you mean ‚Äò[01m[Kposition_[m[K‚Äô?
[2.935s]    11 | this->[01;31m[Kpositiony_[m[K = double y;
[2.935s]       |       [01;31m[K^~~~~~~~~~[m[K
[2.935s]       |       [32m[Kposition_[m[K
[2.936s] [01m[K/home/dominik/RRM/zad1/src/zad1/src/robot.cpp:11:20:[m[K [01;31m[Kerror: [m[Kexpected primary-expression before ‚Äò[01m[Kdouble[m[K‚Äô
[2.936s]    11 | this->positiony_ = [01;31m[Kdouble[m[K y;
[2.936s]       |                    [01;31m[K^~~~~~[m[K
[2.936s] [01m[K/home/dominik/RRM/zad1/src/zad1/src/robot.cpp:9:31:[m[K [01;35m[Kwarning: [m[Kunused parameter ‚Äò[01m[Kx[m[K‚Äô [[01;35m[K]8;;https://gcc.gnu.org/onlinedocs/gcc/Warning-Options.html#index-Wunused-parameter-Wunused-parameter]8;;[m[K]
[2.936s]     9 | void Robot::move([01;35m[Kconst double x[m[K, const double y) {
[2.936s]       |                  [01;35m[K~~~~~~~~~~~~~^[m[K
[2.936s] [01m[K/home/dominik/RRM/zad1/src/zad1/src/robot.cpp:9:47:[m[K [01;35m[Kwarning: [m[Kunused parameter ‚Äò[01m[Ky[m[K‚Äô [[01;35m[K]8;;https://gcc.gnu.org/onlinedocs/gcc/Warning-Options.html#index-Wunused-parameter-Wunused-parameter]8;;[m[K]
[2.936s]     9 | void Robot::move(const double x, [01;35m[Kconst double y[m[K) {
[2.936s]       |                                  [01;35m[K~~~~~~~~~~~~~^[m[K
[2.940s] In file included from [01m[K/opt/ros/jazzy/include/rclcpp/rclcpp/logging.hpp:24[m[K,
[2.940s]                  from [01m[K/opt/ros/jazzy/include/rclcpp/rclcpp/copy_all_parameter_values.hpp:27[m[K,
[2.940s]                  from [01m[K/opt/ros/jazzy/include/rclcpp/rclcpp/rclcpp.hpp:171[m[K,
[2.940s]                  from [01m[K/home/dominik/RRM/zad1/src/zad1/src/zad1_node.cpp:2[m[K:
[2.940s] [01m[K/home/dominik/RRM/zad1/src/zad1/src/zad1_node.cpp:[m[K In function ‚Äò[01m[Kint[01;32m[K main[m[K(int, char**)[m[K‚Äô:
[2.940s] [01m[K/home/dominik/RRM/zad1/src/zad1/src/zad1_node.cpp:9:27:[m[K [01;31m[Kerror: [m[K‚Äò[01m[Kclass Robot[m[K‚Äô has no member named ‚Äò[01m[KgetCurrentPosition[m[K‚Äô
[2.940s]     9 |     "Position: %f", robot.[01;31m[KgetCurrentPosition[m[K());
[2.940s]       |                           [01;31m[K^~~~~~~~~~~~~~~~~~[m[K
[2.940s] [01m[K/home/dominik/RRM/zad1/src/zad1/src/zad1_node.cpp:11:11:[m[K [01;31m[Kerror: [m[Kno matching function for call to ‚Äò[01m[KRobot::move(double)[m[K‚Äô
[2.940s]    11 | [01;31m[Krobot.move(1.0)[m[K;
[2.940s]       | [01;31m[K~~~~~~~~~~^~~~~[m[K
[2.940s] In file included from [01m[K/home/dominik/RRM/zad1/src/zad1/src/zad1_node.cpp:1[m[K:
[2.941s] [01m[K/home/dominik/RRM/zad1/src/zad1/include/zad1/robot.hpp:4:14:[m[K [01;36m[Knote: [m[Kcandidate: ‚Äò[01m[Kvoid Robot::[01;32m[Kmove[m[K(double, double)[m[K‚Äô
[2.941s]     4 |         void [01;36m[Kmove[m[K(double x, double y);
[2.941s]       |              [01;36m[K^~~~[m[K
[2.941s] [01m[K/home/dominik/RRM/zad1/src/zad1/include/zad1/robot.hpp:4:14:[m[K [01;36m[Knote: [m[K  candidate expects 2 arguments, 1 provided
[2.941s] [01m[K/home/dominik/RRM/zad1/src/zad1/src/robot.cpp:[m[K In member function ‚Äò[01m[Kdouble Robot::[01;32m[KgetX[m[K() const[m[K‚Äô:
[2.941s] [01m[K/home/dominik/RRM/zad1/src/zad1/src/robot.cpp:15:8:[m[K [01;31m[Kerror: [m[K‚Äò[01m[Kpositionx_[m[K‚Äô was not declared in this scope; did you mean ‚Äò[01m[Kposition_[m[K‚Äô?
[2.941s]    15 | return [01;31m[Kpositionx_[m[K;
[2.941s]       |        [01;31m[K^~~~~~~~~~[m[K
[2.941s]       |        [32m[Kposition_[m[K
[2.941s] [01m[K/home/dominik/RRM/zad1/src/zad1/src/zad1_node.cpp:14:27:[m[K [01;31m[Kerror: [m[K‚Äò[01m[Kclass Robot[m[K‚Äô has no member named ‚Äò[01m[KgetCurrentPosition[m[K‚Äô
[2.941s]    14 |     "Position: %f", robot.[01;31m[KgetCurrentPosition[m[K());
[2.941s]       |                           [01;31m[K^~~~~~~~~~~~~~~~~~[m[K
[2.944s] [01m[K/home/dominik/RRM/zad1/src/zad1/src/robot.cpp:[m[K In member function ‚Äò[01m[Kdouble Robot::[01;32m[KgetY[m[K() const[m[K‚Äô:
[2.944s] [01m[K/home/dominik/RRM/zad1/src/zad1/src/robot.cpp:19:8:[m[K [01;31m[Kerror: [m[K‚Äò[01m[Kpositiony_[m[K‚Äô was not declared in this scope; did you mean ‚Äò[01m[Kposition_[m[K‚Äô?
[2.944s]    19 | return [01;31m[Kpositiony_[m[K;
[2.944s]       |        [01;31m[K^~~~~~~~~~[m[K
[2.944s]       |        [32m[Kposition_[m[K
[3.536s] gmake[2]: *** [CMakeFiles/zad1_node.dir/build.make:76: CMakeFiles/zad1_node.dir/src/zad1_node.cpp.o] Error 1
[3.536s] gmake[2]: *** ƒåak√° sa na nedokonƒçen√© √∫lohy....
[3.536s] gmake[2]: *** [CMakeFiles/zad1_node.dir/build.make:90: CMakeFiles/zad1_node.dir/src/robot.cpp.o] Error 1
[3.537s] gmake[1]: *** [CMakeFiles/Makefile2:137: CMakeFiles/zad1_node.dir/all] Error 2
[3.537s] gmake: *** [Makefile:146: all] Error 2
[3.539s] Invoked command in '/home/dominik/RRM/zad1/build/zad1' returned '2': CMAKE_PREFIX_PATH=${CMAKE_PREFIX_PATH}:/opt/ros/jazzy DEBUGINFOD_URLS=https://debuginfod.ubuntu.com /usr/bin/cmake --build /home/dominik/RRM/zad1/build/zad1 -- -j16 -l16
