[ 50%] [32mBuilding CXX object CMakeFiles/zad2_node.dir/src/zad2_node.cpp.o[0m
[01m[K/home/dominik/RRM/ros2_ws/src/zad2/src/zad2_node.cpp:[m[K In member function â€˜[01m[Kvoid TrajectoryPlanner::[01;32m[Khandle_service_request[m[K(std::shared_ptr<surani_interface::srv::TeachPoint_Request_<std::allocator<void> > >, std::shared_ptr<surani_interface::srv::TeachPoint_Response_<std::allocator<void> > >)[m[Kâ€™:
[01m[K/home/dominik/RRM/ros2_ws/src/zad2/src/zad2_node.cpp:136:10:[m[K [01;31m[Kerror: [m[Kâ€˜[01m[Kusing std::__shared_ptr_access<surani_interface::srv::TeachPoint_Response_<std::allocator<void> >, __gnu_cxx::_S_atomic, false, false>::element_type = struct surani_interface::srv::TeachPoint_Response_<std::allocator<void> >[m[Kâ€™ {aka â€˜[01m[Kstruct surani_interface::srv::TeachPoint_Response_<std::allocator<void> >[m[Kâ€™} has no member named â€˜[01m[Ksuccess[m[Kâ€™
  136 |     res->[01;31m[Ksuccess[m[K = true;
      |          [01;31m[K^~~~~~~[m[K
[01m[K/home/dominik/RRM/ros2_ws/src/zad2/src/zad2_node.cpp:81:114:[m[K [01;35m[Kwarning: [m[Kunused parameter â€˜[01m[Kreq[m[Kâ€™ [[01;35m[K]8;;https://gcc.gnu.org/onlinedocs/gcc/Warning-Options.html#index-Wunused-parameter-Wunused-parameter]8;;[m[K]
   81 | void TrajectoryPlanner::handle_service_request([01;35m[Kconst std::shared_ptr<surani_interface::srv::TeachPoint::Request> req[m[K,
      |                                                [01;35m[K~~~~~~~~~~~~~~~~~~~~~~~~~~~~~~~~~~~~~~~~~~~~~~~~~~~~~~~~~~~~~~~~~~^~~[m[K
gmake[2]: *** [CMakeFiles/zad2_node.dir/build.make:76: CMakeFiles/zad2_node.dir/src/zad2_node.cpp.o] Error 1
gmake[1]: *** [CMakeFiles/Makefile2:137: CMakeFiles/zad2_node.dir/all] Error 2
gmake: *** [Makefile:146: all] Error 2
