[0.035s] Invoking command in '/home/dominik/RRM/ros2_ws/build/zad2': CMAKE_PREFIX_PATH=/home/dominik/RRM/ros2_ws/install/surani_interface:/home/dominik/RRM/ros2_ws/install/zad2:/home/dominik/RRM/ros2_ws/install/trajectory_visualization:/home/dominik/RRM/ros2_ws/install/block1_surani:/home/dominik/RRM/ros2_ws/install/rrm_simple_robot_model:/home/dominik/RRM/ros2_ws/install/rrm_sim:/home/dominik/RRM/ros2_ws/install/block1_suraniV2:/home/dominik/RRM/ros2_ws/install/rrm_msgs:/home/dominik/RRM/ros2_ws/install/ik_solver_example:/home/dominik/RRM/ros2_ws/install/eigen_example:/home/dominik/RRM/ros2_ws/install/cv1:/home/dominik/RRM/ros2_ws/install/abb_model:/home/dominik/RRM/ros2_ws/install/abb_irb4600_ikfast:/home/dominik/RRM/ros2_ws/install/Surani_interface:/home/dominik/RRM/zad1/install/zad1:/opt/ros/jazzy/opt/gz_math_vendor:/opt/ros/jazzy/opt/gz_utils_vendor:/opt/ros/jazzy/opt/gz_cmake_vendor:/opt/ros/jazzy DEBUGINFOD_URLS=https://debuginfod.ubuntu.com /usr/bin/cmake --build /home/dominik/RRM/ros2_ws/build/zad2 -- -j16 -l16
[0.320s] [ 50%] [32mBuilding CXX object CMakeFiles/zad2_node.dir/src/zad2_node.cpp.o[0m
[8.288s] [01m[K/home/dominik/RRM/ros2_ws/src/zad2/src/zad2_node.cpp:[m[K In member function â€˜[01m[Kvoid TrajectoryPlanner::[01;32m[Khandle_service_request[m[K(std::shared_ptr<surani_interface::srv::TeachPoint_Request_<std::allocator<void> > >, std::shared_ptr<surani_interface::srv::TeachPoint_Response_<std::allocator<void> > >)[m[Kâ€™:
[8.288s] [01m[K/home/dominik/RRM/ros2_ws/src/zad2/src/zad2_node.cpp:136:10:[m[K [01;31m[Kerror: [m[Kâ€˜[01m[Kusing std::__shared_ptr_access<surani_interface::srv::TeachPoint_Response_<std::allocator<void> >, __gnu_cxx::_S_atomic, false, false>::element_type = struct surani_interface::srv::TeachPoint_Response_<std::allocator<void> >[m[Kâ€™ {aka â€˜[01m[Kstruct surani_interface::srv::TeachPoint_Response_<std::allocator<void> >[m[Kâ€™} has no member named â€˜[01m[Ksuccess[m[Kâ€™
[8.289s]   136 |     res->[01;31m[Ksuccess[m[K = true;
[8.289s]       |          [01;31m[K^~~~~~~[m[K
[8.289s] [01m[K/home/dominik/RRM/ros2_ws/src/zad2/src/zad2_node.cpp:81:114:[m[K [01;35m[Kwarning: [m[Kunused parameter â€˜[01m[Kreq[m[Kâ€™ [[01;35m[K]8;;https://gcc.gnu.org/onlinedocs/gcc/Warning-Options.html#index-Wunused-parameter-Wunused-parameter]8;;[m[K]
[8.289s]    81 | void TrajectoryPlanner::handle_service_request([01;35m[Kconst std::shared_ptr<surani_interface::srv::TeachPoint::Request> req[m[K,
[8.290s]       |                                                [01;35m[K~~~~~~~~~~~~~~~~~~~~~~~~~~~~~~~~~~~~~~~~~~~~~~~~~~~~~~~~~~~~~~~~~~^~~[m[K
[14.225s] gmake[2]: *** [CMakeFiles/zad2_node.dir/build.make:76: CMakeFiles/zad2_node.dir/src/zad2_node.cpp.o] Error 1
[14.225s] gmake[1]: *** [CMakeFiles/Makefile2:137: CMakeFiles/zad2_node.dir/all] Error 2
[14.226s] gmake: *** [Makefile:146: all] Error 2
[14.231s] Invoked command in '/home/dominik/RRM/ros2_ws/build/zad2' returned '2': CMAKE_PREFIX_PATH=/home/dominik/RRM/ros2_ws/install/surani_interface:/home/dominik/RRM/ros2_ws/install/zad2:/home/dominik/RRM/ros2_ws/install/trajectory_visualization:/home/dominik/RRM/ros2_ws/install/block1_surani:/home/dominik/RRM/ros2_ws/install/rrm_simple_robot_model:/home/dominik/RRM/ros2_ws/install/rrm_sim:/home/dominik/RRM/ros2_ws/install/block1_suraniV2:/home/dominik/RRM/ros2_ws/install/rrm_msgs:/home/dominik/RRM/ros2_ws/install/ik_solver_example:/home/dominik/RRM/ros2_ws/install/eigen_example:/home/dominik/RRM/ros2_ws/install/cv1:/home/dominik/RRM/ros2_ws/install/abb_model:/home/dominik/RRM/ros2_ws/install/abb_irb4600_ikfast:/home/dominik/RRM/ros2_ws/install/Surani_interface:/home/dominik/RRM/zad1/install/zad1:/opt/ros/jazzy/opt/gz_math_vendor:/opt/ros/jazzy/opt/gz_utils_vendor:/opt/ros/jazzy/opt/gz_cmake_vendor:/opt/ros/jazzy DEBUGINFOD_URLS=https://debuginfod.ubuntu.com /usr/bin/cmake --build /home/dominik/RRM/ros2_ws/build/zad2 -- -j16 -l16
