[0.013s] Invoking command in '/home/dominik/RRM/ros2_ws/build/cv1': CMAKE_PREFIX_PATH=${CMAKE_PREFIX_PATH}:/opt/ros/jazzy DEBUGINFOD_URLS=https://debuginfod.ubuntu.com /usr/bin/cmake --build /home/dominik/RRM/ros2_ws/build/cv1 -- -j16 -l16
[0.089s] [ 33%] [32mBuilding CXX object CMakeFiles/cv1_node.dir/src/cv1_node.cpp.o[0m
[2.140s] [01m[K/home/dominik/RRM/ros2_ws/src/cv1/src/cv1_node.cpp:[m[K In function â€˜[01m[Kint[01;32m[K main[m[K(int, char**)[m[Kâ€™:
[2.140s] [01m[K/home/dominik/RRM/ros2_ws/src/cv1/src/cv1_node.cpp:11:10:[m[K [01;31m[Kerror: [m[Kexpected â€˜[01m[K}[m[Kâ€™ at end of input
[2.140s]    11 | return 0;
[2.140s]       |          [01;31m[K^[m[K
[2.140s] [01m[K/home/dominik/RRM/ros2_ws/src/cv1/src/cv1_node.cpp:4:33:[m[K [01;36m[Knote: [m[Kto match this â€˜[01m[K{[m[Kâ€™
[2.140s]     4 | int main(int argc, char **argv) [01;36m[K{[m[K
[2.140s]       |                                 [01;36m[K^[m[K
[2.695s] gmake[2]: *** [CMakeFiles/cv1_node.dir/build.make:76: CMakeFiles/cv1_node.dir/src/cv1_node.cpp.o] Error 1
[2.696s] gmake[1]: *** [CMakeFiles/Makefile2:137: CMakeFiles/cv1_node.dir/all] Error 2
[2.696s] gmake: *** [Makefile:146: all] Error 2
[2.699s] Invoked command in '/home/dominik/RRM/ros2_ws/build/cv1' returned '2': CMAKE_PREFIX_PATH=${CMAKE_PREFIX_PATH}:/opt/ros/jazzy DEBUGINFOD_URLS=https://debuginfod.ubuntu.com /usr/bin/cmake --build /home/dominik/RRM/ros2_ws/build/cv1 -- -j16 -l16
