-- Found ament_cmake: 2.5.2 (/opt/ros/jazzy/share/ament_cmake/cmake)
-- Found rclcpp: 28.1.5 (/opt/ros/jazzy/share/rclcpp/cmake)
-- Found rosidl_generator_c: 4.6.4 (/opt/ros/jazzy/share/rosidl_generator_c/cmake)
-- Found rosidl_generator_cpp: 4.6.4 (/opt/ros/jazzy/share/rosidl_generator_cpp/cmake)
-- Using all available rosidl_typesupport_c: rosidl_typesupport_fastrtps_c;rosidl_typesupport_introspection_c
-- Using all available rosidl_typesupport_cpp: rosidl_typesupport_fastrtps_cpp;rosidl_typesupport_introspection_cpp
-- Found rmw_implementation_cmake: 7.3.1 (/opt/ros/jazzy/share/rmw_implementation_cmake/cmake)
-- Found rmw_fastrtps_cpp: 8.4.1 (/opt/ros/jazzy/share/rmw_fastrtps_cpp/cmake)
-- Using RMW implementation 'rmw_fastrtps_cpp' as default
-- Found tf2_ros: 0.36.4 (/opt/ros/jazzy/share/tf2_ros/cmake)
-- Found rrm_msgs: 0.0.0 (/home/dominik/RRM/ros2_ws/install/rrm_msgs/share/rrm_msgs/cmake)
-- Found sensor_msgs: 5.3.5 (/opt/ros/jazzy/share/sensor_msgs/cmake)
-- Found surani_interface: 0.0.0 (/home/dominik/RRM/ros2_ws/install/surani_interface/share/surani_interface/cmake)
-- Found ament_lint_auto: 0.17.1 (/opt/ros/jazzy/share/ament_lint_auto/cmake)
-- Added test 'cppcheck' to perform static code analysis on C / C++ code
-- Configured cppcheck include dirs: $<BUILD_INTERFACE:/home/dominik/RRM/ros2_ws/src/block1_surani/include>
-- Configured cppcheck exclude dirs and/or files: 
-- Added test 'lint_cmake' to check CMake code style
-- Added test 'uncrustify' to check C / C++ code style
-- Configured uncrustify additional arguments: 
-- Added test 'xmllint' to check XML markup files
-- Configuring done (0.6s)
-- Generating done (0.0s)
-- Build files have been written to: /home/dominik/RRM/ros2_ws/build/block1_surani
[ 33%] [32mBuilding CXX object CMakeFiles/jointlogger_node.dir/src/jointlogger.cpp.o[0m
[ 33%] [32mBuilding CXX object CMakeFiles/logger_node.dir/src/logger_node.cpp.o[0m
[ 50%] [32mBuilding CXX object CMakeFiles/teleop_node.dir/src/teleop_node.cpp.o[0m
[01m[K/home/dominik/RRM/ros2_ws/src/block1_surani/src/jointlogger.cpp:3:28:[m[K [01;31m[Kerror: [m[K‚Äò[01m[Krclcpp[m[K‚Äô has not been declared
    3 | class JointLogger : public [01;31m[Krclcpp[m[K::Node {
      |                            [01;31m[K^~~~~~[m[K
[01m[K/home/dominik/RRM/ros2_ws/src/block1_surani/src/jointlogger.cpp:3:36:[m[K [01;31m[Kerror: [m[Kexpected ‚Äò[01m[K{[m[K‚Äô before ‚Äò[01m[KNode[m[K‚Äô
    3 | class JointLogger : public rclcpp::[01;31m[KNode[m[K {
      |                                    [01;31m[K^~~~[m[K
[01m[K/home/dominik/RRM/ros2_ws/src/block1_surani/src/jointlogger.cpp:4:1:[m[K [01;31m[Kerror: [m[Kexpected primary-expression before ‚Äò[01m[Kpublic[m[K‚Äô
    4 | [01;31m[Kpublic[m[K:
      | [01;31m[K^~~~~~[m[K
[01m[K/home/dominik/RRM/ros2_ws/src/block1_surani/src/jointlogger.cpp:4:1:[m[K [01;31m[Kerror: [m[Kexpected ‚Äò[01m[K}[m[K‚Äô before ‚Äò[01m[Kpublic[m[K‚Äô
[01m[K/home/dominik/RRM/ros2_ws/src/block1_surani/src/jointlogger.cpp:3:41:[m[K [01;36m[Knote: [m[Kto match this ‚Äò[01m[K{[m[K‚Äô
    3 | class JointLogger : public rclcpp::Node [01;36m[K{[m[K
      |                                         [01;36m[K^[m[K
[01m[K/home/dominik/RRM/ros2_ws/src/block1_surani/src/jointlogger.cpp:10:1:[m[K [01;31m[Kerror: [m[Kexpected unqualified-id before ‚Äò[01m[Kprivate[m[K‚Äô
   10 | [01;31m[Kprivate[m[K:
      | [01;31m[K^~~~~~~[m[K
[01m[K/home/dominik/RRM/ros2_ws/src/block1_surani/src/jointlogger.cpp:[m[K In function ‚Äò[01m[Kvoid[01;32m[K my_service_callback[m[K(std::shared_ptr<surani_interface::srv::TeachPoint_Request_<std::allocator<void> > >, std::shared_ptr<surani_interface::srv::TeachPoint_Response_<std::allocator<void> > >)[m[K‚Äô:
[01m[K/home/dominik/RRM/ros2_ws/src/block1_surani/src/jointlogger.cpp:19:21:[m[K [01;31m[Kerror: [m[Kinvalid use of ‚Äò[01m[Kthis[m[K‚Äô in non-member function
   19 |         RCLCPP_INFO([01;31m[Kthis[m[K->get_logger(), "Request received: %f, sending response", request->velocity);
      |                     [01;31m[K^~~~[m[K
[01m[K/home/dominik/RRM/ros2_ws/src/block1_surani/src/jointlogger.cpp:19:9:[m[K [01;31m[Kerror: [m[K‚Äò[01m[KRCLCPP_INFO[m[K‚Äô was not declared in this scope
   19 |         [01;31m[KRCLCPP_INFO[m[K(this->get_logger(), "Request received: %f, sending response", request->velocity);
      |         [01;31m[K^~~~~~~~~~~[m[K
[01m[K/home/dominik/RRM/ros2_ws/src/block1_surani/src/jointlogger.cpp:17:15:[m[K [01;35m[Kwarning: [m[Kunused variable ‚Äò[01m[Kvelocity[m[K‚Äô [[01;35m[K]8;;https://gcc.gnu.org/onlinedocs/gcc/Warning-Options.html#index-Wunused-variable-Wunused-variable]8;;[m[K]
   17 |         float [01;35m[Kvelocity[m[K = request->velocity;
      |               [01;35m[K^~~~~~~~[m[K
[01m[K/home/dominik/RRM/ros2_ws/src/block1_surani/src/jointlogger.cpp:[m[K At global scope:
[01m[K/home/dominik/RRM/ros2_ws/src/block1_surani/src/jointlogger.cpp:23:1:[m[K [01;31m[Kerror: [m[Kexpected declaration before ‚Äò[01m[K}[m[K‚Äô token
   23 | [01;31m[K}[m[K;
      | [01;31m[K^[m[K
[01m[K/home/dominik/RRM/ros2_ws/src/block1_surani/src/jointlogger.cpp:[m[K In function ‚Äò[01m[Kint[01;32m[K main[m[K(int, char**)[m[K‚Äô:
[01m[K/home/dominik/RRM/ros2_ws/src/block1_surani/src/jointlogger.cpp:26:5:[m[K [01;31m[Kerror: [m[K‚Äò[01m[Krclcpp[m[K‚Äô has not been declared
   26 |     [01;31m[Krclcpp[m[K::init(argc, argv);
      |     [01;31m[K^~~~~~[m[K
[01m[K/home/dominik/RRM/ros2_ws/src/block1_surani/src/jointlogger.cpp:28:5:[m[K [01;31m[Kerror: [m[K‚Äò[01m[Krclcpp[m[K‚Äô has not been declared
   28 |     [01;31m[Krclcpp[m[K::spin(logger); //function that blocks the thread and allows the node to process callbacks
      |     [01;31m[K^~~~~~[m[K
[01m[K/home/dominik/RRM/ros2_ws/src/block1_surani/src/jointlogger.cpp:29:5:[m[K [01;31m[Kerror: [m[K‚Äò[01m[Krclcpp[m[K‚Äô has not been declared
   29 |     [01;31m[Krclcpp[m[K::shutdown();
      |     [01;31m[K^~~~~~[m[K
In file included from [01m[K/usr/include/c++/13/bits/shared_ptr_base.h:60[m[K,
                 from [01m[K/usr/include/c++/13/bits/shared_ptr.h:53[m[K,
                 from [01m[K/usr/include/c++/13/memory:80[m[K,
                 from [01m[K/home/dominik/RRM/ros2_ws/install/surani_interface/include/surani_interface/surani_interface/srv/detail/teach_point__struct.hpp:13[m[K,
                 from [01m[K/home/dominik/RRM/ros2_ws/install/surani_interface/include/surani_interface/surani_interface/srv/teach_point.hpp:7[m[K,
                 from [01m[K/home/dominik/RRM/ros2_ws/src/block1_surani/src/jointlogger.cpp:1[m[K:
/usr/include/c++/13/ext/aligned_buffer.h: In instantiation of ‚Äò[01m[Kstruct __gnu_cxx::__aligned_buffer<JointLogger>[m[K‚Äô:
[01m[K/usr/include/c++/13/bits/shared_ptr_base.h:591:35:[m[K   required from ‚Äò[01m[Kclass std::_Sp_counted_ptr_inplace<JointLogger, std::allocator<void>, __gnu_cxx::_S_atomic>::_Impl[m[K‚Äô
[01m[K/usr/include/c++/13/bits/shared_ptr_base.h:652:13:[m[K   required from ‚Äò[01m[Kclass std::_Sp_counted_ptr_inplace<JointLogger, std::allocator<void>, __gnu_cxx::_S_atomic>[m[K‚Äô
[01m[K/usr/include/c++/13/bits/shared_ptr_base.h:968:43:[m[K   required from ‚Äò[01m[Kstd::__shared_count<_Lp>::[01;32m[K__shared_count[m[K(_Tp*&, std::_Sp_alloc_shared_tag<_Alloc>, _Args&& ...) [35m[K[with _Tp = JointLogger; _Alloc = std::allocator<void>; _Args = {}; __gnu_cxx::_Lock_policy _Lp = __gnu_cxx::_S_atomic][m[K[m[K‚Äô
[01m[K/usr/include/c++/13/bits/shared_ptr_base.h:1712:14:[m[K   required from ‚Äò[01m[Kstd::__shared_ptr<_Tp, _Lp>::[01;32m[K__shared_ptr[m[K(std::_Sp_alloc_shared_tag<_Tp>, _Args&& ...) [35m[K[with _Alloc = std::allocator<void>; _Args = {}; _Tp = JointLogger; __gnu_cxx::_Lock_policy _Lp = __gnu_cxx::_S_atomic][m[K[m[K‚Äô
[01m[K/usr/include/c++/13/bits/shared_ptr.h:464:59:[m[K   required from ‚Äò[01m[Kstd::shared_ptr<_Tp>::[01;32m[Kshared_ptr[m[K(std::_Sp_alloc_shared_tag<_Tp>, _Args&& ...) [35m[K[with _Alloc = std::allocator<void>; _Args = {}; _Tp = JointLogger][m[K[m[K‚Äô
[01m[K/usr/include/c++/13/bits/shared_ptr.h:1009:14:[m[K   required from ‚Äò[01m[Kstd::shared_ptr<typename std::enable_if<(! std::is_array< <template-parameter-1-1> >::value), _Tp>::type> std::[01;32m[Kmake_shared[m[K(_Args&& ...) [35m[K[with _Tp = JointLogger; _Args = {}; typename enable_if<(! is_array< <template-parameter-1-1> >::value), _Tp>::type = JointLogger][m[K[m[K‚Äô
[01m[K/home/dominik/RRM/ros2_ws/src/block1_surani/src/jointlogger.cpp:27:72:[m[K   required from here
[01m[K/usr/include/c++/13/ext/aligned_buffer.h:93:28:[m[K [01;31m[Kerror: [m[Kinvalid application of ‚Äò[01m[Ksizeof[m[K‚Äô to incomplete type ‚Äò[01m[KJointLogger[m[K‚Äô
   93 |     : std::aligned_storage<[01;31m[Ksizeof(_Tp)[m[K, __alignof__(_Tp)>
      |                            [01;31m[K^~~~~~~~~~~[m[K
[01m[K/usr/include/c++/13/ext/aligned_buffer.h:93:28:[m[K [01;31m[Kerror: [m[Kinvalid application of ‚Äò[01m[Ksizeof[m[K‚Äô to incomplete type ‚Äò[01m[KJointLogger[m[K‚Äô
gmake[2]: *** [CMakeFiles/jointlogger_node.dir/build.make:76: CMakeFiles/jointlogger_node.dir/src/jointlogger.cpp.o] Error 1
gmake[1]: *** [CMakeFiles/Makefile2:193: CMakeFiles/jointlogger_node.dir/all] Error 2
gmake[1]: *** ƒåak√° sa na nedokonƒçen√© √∫lohy....
[ 66%] [32m[1mLinking CXX executable teleop_node[0m
[ 66%] Built target teleop_node
[ 83%] [32m[1mLinking CXX executable logger_node[0m
[ 83%] Built target logger_node
gmake: *** [Makefile:146: all] Error 2
