[0.032s] Invoking command in '/home/dominik/RRM/ros2_ws/build/zad2': CMAKE_PREFIX_PATH=/home/dominik/RRM/ros2_ws/install/surani_interface:/home/dominik/RRM/ros2_ws/install/zad2:/home/dominik/RRM/ros2_ws/install/trajectory_visualization:/home/dominik/RRM/ros2_ws/install/block1_surani:/home/dominik/RRM/ros2_ws/install/rrm_simple_robot_model:/home/dominik/RRM/ros2_ws/install/rrm_sim:/home/dominik/RRM/ros2_ws/install/block1_suraniV2:/home/dominik/RRM/ros2_ws/install/rrm_msgs:/home/dominik/RRM/ros2_ws/install/ik_solver_example:/home/dominik/RRM/ros2_ws/install/eigen_example:/home/dominik/RRM/ros2_ws/install/cv1:/home/dominik/RRM/ros2_ws/install/abb_model:/home/dominik/RRM/ros2_ws/install/abb_irb4600_ikfast:/home/dominik/RRM/ros2_ws/install/Surani_interface:/home/dominik/RRM/zad1/install/zad1:/opt/ros/jazzy/opt/gz_math_vendor:/opt/ros/jazzy/opt/gz_utils_vendor:/opt/ros/jazzy/opt/gz_cmake_vendor:/opt/ros/jazzy DEBUGINFOD_URLS=https://debuginfod.ubuntu.com /usr/bin/cmake --build /home/dominik/RRM/ros2_ws/build/zad2 -- -j16 -l16
[0.203s] [ 50%] [32mBuilding CXX object CMakeFiles/zad2_node.dir/src/zad2_node.cpp.o[0m
[6.347s] [01m[K/home/dominik/RRM/ros2_ws/src/zad2/src/zad2_node.cpp:32:55:[m[K [01;31m[Kerror: [m[Kâ€˜[01m[Kstd_srvs[m[Kâ€™ was not declared in this scope
[6.348s]    32 |     void handle_service_request(const std::shared_ptr<[01;31m[Kstd_srvs[m[K::srv::Trigger::Request> request,
[6.348s]       |                                                       [01;31m[K^~~~~~~~[m[K
[6.348s] [01m[K/home/dominik/RRM/ros2_ws/src/zad2/src/zad2_node.cpp:32:86:[m[K [01;31m[Kerror: [m[Ktemplate argument 1 is invalid
[6.348s]    32 | quest(const std::shared_ptr<std_srvs::srv::Trigger::Request[01;31m[K>[m[K request,
[6.348s]       |                                                            [01;31m[K^[m[K
[6.348s] 
[6.358s] [01m[K/home/dominik/RRM/ros2_ws/src/zad2/src/zad2_node.cpp:32:55:[m[K [01;31m[Kerror: [m[Kâ€˜[01m[Kstd_srvs[m[Kâ€™ was not declared in this scope
[6.358s]    32 |     void handle_service_request(const std::shared_ptr<[01;31m[Kstd_srvs[m[K::srv::Trigger::Request> request,
[6.358s]       |                                                       [01;31m[K^~~~~~~~[m[K
[6.358s] [01m[K/home/dominik/RRM/ros2_ws/src/zad2/src/zad2_node.cpp:32:86:[m[K [01;31m[Kerror: [m[Ktemplate argument 1 is invalid
[6.359s]    32 | quest(const std::shared_ptr<std_srvs::srv::Trigger::Request[01;31m[K>[m[K request,
[6.359s]       |                                                            [01;31m[K^[m[K
[6.359s] 
[6.370s] [01m[K/home/dominik/RRM/ros2_ws/src/zad2/src/zad2_node.cpp:32:55:[m[K [01;31m[Kerror: [m[Kâ€˜[01m[Kstd_srvs[m[Kâ€™ was not declared in this scope
[6.370s]    32 |     void handle_service_request(const std::shared_ptr<[01;31m[Kstd_srvs[m[K::srv::Trigger::Request> request,
[6.371s]       |                                                       [01;31m[K^~~~~~~~[m[K
[6.371s] [01m[K/home/dominik/RRM/ros2_ws/src/zad2/src/zad2_node.cpp:32:86:[m[K [01;31m[Kerror: [m[Ktemplate argument 1 is invalid
[6.371s]    32 | quest(const std::shared_ptr<std_srvs::srv::Trigger::Request[01;31m[K>[m[K request,
[6.371s]       |                                                            [01;31m[K^[m[K
[6.371s] 
[6.371s] [01m[K/home/dominik/RRM/ros2_ws/src/zad2/src/zad2_node.cpp:32:39:[m[K [01;31m[Kerror: [m[Kinvalid template-id
[6.371s]    32 |     void handle_service_request(const [01;31m[Kstd[m[K::shared_ptr<std_srvs::srv::Trigger::Request> request,
[6.372s]       |                                       [01;31m[K^~~[m[K
[6.372s] [01m[K/home/dominik/RRM/ros2_ws/src/zad2/src/zad2_node.cpp:32:55:[m[K [01;31m[Kerror: [m[Kâ€˜[01m[Kstd_srvs[m[Kâ€™ has not been declared
[6.372s]    32 |     void handle_service_request(const std::shared_ptr<[01;31m[Kstd_srvs[m[K::srv::Trigger::Request> request,
[6.372s]       |                                                       [01;31m[K^~~~~~~~[m[K
[6.372s] [01m[K/home/dominik/RRM/ros2_ws/src/zad2/src/zad2_node.cpp:32:33:[m[K [01;31m[Kerror: [m[Kmissing template argument list after â€˜[01m[Kstd::shared_ptr[m[Kâ€™; template placeholder not permitted in parameter
[6.372s]    32 |     void handle_service_request([01;31m[Kconst[m[K std::shared_ptr<std_srvs::srv::Trigger::Request> request,
[6.372s]       |                                 [01;31m[K^~~~~[m[K
[6.372s]       |                                      [32m[K<>[m[K
[6.373s] In file included from [01m[K/usr/include/c++/13/bits/shared_ptr.h:53[m[K,
[6.373s]                  from [01m[K/usr/include/c++/13/memory:80[m[K,
[6.373s]                  from [01m[K/opt/ros/jazzy/include/rclcpp/rclcpp/rclcpp.hpp:169[m[K,
[6.373s]                  from [01m[K/home/dominik/RRM/ros2_ws/src/zad2/src/zad2_node.cpp:1[m[K:
[6.373s] [01m[K/usr/include/c++/13/bits/shared_ptr_base.h:395:11:[m[K [01;36m[Knote: [m[Kâ€˜[01m[Ktemplate<class _Tp> class std::shared_ptr[m[Kâ€™ declared here
[6.373s]   395 |     class [01;36m[Kshared_ptr[m[K;
[6.373s]       |           [01;36m[K^~~~~~~~~~[m[K
[6.385s] [01m[K/home/dominik/RRM/ros2_ws/src/zad2/src/zad2_node.cpp:33:49:[m[K [01;31m[Kerror: [m[Kâ€˜[01m[Kstd_srvs[m[Kâ€™ was not declared in this scope
[6.385s]    33 |                                 std::shared_ptr<[01;31m[Kstd_srvs[m[K::srv::Trigger::Response> response) {
[6.385s]       |                                                 [01;31m[K^~~~~~~~[m[K
[6.385s] [01m[K/home/dominik/RRM/ros2_ws/src/zad2/src/zad2_node.cpp:33:81:[m[K [01;31m[Kerror: [m[Ktemplate argument 1 is invalid
[6.385s]    33 |           std::shared_ptr<std_srvs::srv::Trigger::Response[01;31m[K>[m[K response) {
[6.386s]       |                                                           [01;31m[K^[m[K
[6.386s] 
[6.401s] [01m[K/home/dominik/RRM/ros2_ws/src/zad2/src/zad2_node.cpp:33:49:[m[K [01;31m[Kerror: [m[Kâ€˜[01m[Kstd_srvs[m[Kâ€™ was not declared in this scope
[6.401s]    33 |                                 std::shared_ptr<[01;31m[Kstd_srvs[m[K::srv::Trigger::Response> response) {
[6.401s]       |                                                 [01;31m[K^~~~~~~~[m[K
[6.401s] [01m[K/home/dominik/RRM/ros2_ws/src/zad2/src/zad2_node.cpp:33:81:[m[K [01;31m[Kerror: [m[Ktemplate argument 1 is invalid
[6.402s]    33 |           std::shared_ptr<std_srvs::srv::Trigger::Response[01;31m[K>[m[K response) {
[6.402s]       |                                                           [01;31m[K^[m[K
[6.402s] 
[6.416s] [01m[K/home/dominik/RRM/ros2_ws/src/zad2/src/zad2_node.cpp:33:49:[m[K [01;31m[Kerror: [m[Kâ€˜[01m[Kstd_srvs[m[Kâ€™ was not declared in this scope
[6.417s]    33 |                                 std::shared_ptr<[01;31m[Kstd_srvs[m[K::srv::Trigger::Response> response) {
[6.417s]       |                                                 [01;31m[K^~~~~~~~[m[K
[6.417s] [01m[K/home/dominik/RRM/ros2_ws/src/zad2/src/zad2_node.cpp:33:81:[m[K [01;31m[Kerror: [m[Ktemplate argument 1 is invalid
[6.417s]    33 |           std::shared_ptr<std_srvs::srv::Trigger::Response[01;31m[K>[m[K response) {
[6.418s]       |                                                           [01;31m[K^[m[K
[6.418s] 
[6.418s] [01m[K/home/dominik/RRM/ros2_ws/src/zad2/src/zad2_node.cpp:33:33:[m[K [01;31m[Kerror: [m[Kinvalid template-id
[6.418s]    33 |                                 [01;31m[Kstd[m[K::shared_ptr<std_srvs::srv::Trigger::Response> response) {
[6.418s]       |                                 [01;31m[K^~~[m[K
[6.418s] [01m[K/home/dominik/RRM/ros2_ws/src/zad2/src/zad2_node.cpp:33:49:[m[K [01;31m[Kerror: [m[Kâ€˜[01m[Kstd_srvs[m[Kâ€™ has not been declared
[6.418s]    33 |                                 std::shared_ptr<[01;31m[Kstd_srvs[m[K::srv::Trigger::Response> response) {
[6.418s]       |                                                 [01;31m[K^~~~~~~~[m[K
[6.419s] [01m[K/home/dominik/RRM/ros2_ws/src/zad2/src/zad2_node.cpp:33:33:[m[K [01;31m[Kerror: [m[Kmissing template argument list after â€˜[01m[Kstd::shared_ptr[m[Kâ€™; template placeholder not permitted in parameter
[6.419s]    33 |                                 [01;31m[Kstd[m[K::shared_ptr<std_srvs::srv::Trigger::Response> response) {
[6.419s]       |                                 [01;31m[K^~~[m[K
[6.419s]       |                                    [32m[K<>[m[K
[6.419s] [01m[K/usr/include/c++/13/bits/shared_ptr_base.h:395:11:[m[K [01;36m[Knote: [m[Kâ€˜[01m[Ktemplate<class _Tp> class std::shared_ptr[m[Kâ€™ declared here
[6.419s]   395 |     class [01;36m[Kshared_ptr[m[K;
[6.420s]       |           [01;36m[K^~~~~~~~~~[m[K
[6.420s] [01m[K/home/dominik/RRM/ros2_ws/src/zad2/src/zad2_node.cpp:64:30:[m[K [01;31m[Kerror: [m[Kâ€˜[01m[KPhase[m[Kâ€™ does not name a type
[6.420s]    64 |     void execute_phase(const [01;31m[KPhase[m[K& phase) {
[6.420s]       |                              [01;31m[K^~~~~[m[K
[6.446s] [01m[K/home/dominik/RRM/ros2_ws/src/zad2/src/zad2_node.cpp:105:21:[m[K [01;31m[Kerror: [m[Kâ€˜[01m[Kstd_srvs[m[Kâ€™ was not declared in this scope
[6.446s]   105 |     rclcpp::Service<[01;31m[Kstd_srvs[m[K::srv::Trigger>::SharedPtr service_;
[6.446s]       |                     [01;31m[K^~~~~~~~[m[K
[6.446s] [01m[K/home/dominik/RRM/ros2_ws/src/zad2/src/zad2_node.cpp:105:43:[m[K [01;31m[Kerror: [m[Ktemplate argument 1 is invalid
[6.447s]   105 |     rclcpp::Service<std_srvs::srv::Trigger[01;31m[K>[m[K::SharedPtr service_;
[6.447s]       |                                           [01;31m[K^[m[K
[6.447s] [01m[K/home/dominik/RRM/ros2_ws/src/zad2/src/zad2_node.cpp:105:46:[m[K [01;31m[Kerror: [m[Kexpected â€˜[01m[K;[m[Kâ€™ at end of member declaration
[6.447s]   105 |     rclcpp::Service<std_srvs::srv::Trigger>::[01;31m[KSharedPtr[m[K service_;
[6.447s]       |                                              [01;31m[K^~~~~~~~~[m[K
[6.447s]       |                                                       [32m[K;[m[K
[6.450s] [01m[K/home/dominik/RRM/ros2_ws/src/zad2/src/zad2_node.cpp:105:56:[m[K [01;31m[Kerror: [m[Kâ€˜[01m[Kservice_[m[Kâ€™ does not name a type
[6.450s]   105 |     rclcpp::Service<std_srvs::srv::Trigger>::SharedPtr [01;31m[Kservice_[m[K;
[6.450s]       |                                                        [01;31m[K^~~~~~~~[m[K
[6.469s] [01m[K/home/dominik/RRM/ros2_ws/src/zad2/src/zad2_node.cpp:[m[K In constructor â€˜[01m[KCartesianTrajectoryPlanner::[01;32m[KCartesianTrajectoryPlanner[m[K()[m[Kâ€™:
[6.470s] [01m[K/home/dominik/RRM/ros2_ws/src/zad2/src/zad2_node.cpp:13:9:[m[K [01;31m[Kerror: [m[Kâ€˜[01m[Kservice_[m[Kâ€™ was not declared in this scope; did you mean â€˜[01m[Kservice_msgs[m[Kâ€™?
[6.470s]    13 |         [01;31m[Kservice_[m[K = this->create_service<std_srvs::srv::Trigger>(
[6.470s]       |         [01;31m[K^~~~~~~~[m[K
[6.470s]       |         [32m[Kservice_msgs[m[K
[6.484s] [01m[K/home/dominik/RRM/ros2_ws/src/zad2/src/zad2_node.cpp:13:41:[m[K [01;31m[Kerror: [m[Kâ€˜[01m[Kstd_srvs[m[Kâ€™ was not declared in this scope
[6.484s]    13 |         service_ = this->create_service<[01;31m[Kstd_srvs[m[K::srv::Trigger>(
[6.484s]       |                                         [01;31m[K^~~~~~~~[m[K
[6.484s] [01m[K/home/dominik/RRM/ros2_ws/src/zad2/src/zad2_node.cpp:13:26:[m[K [01;31m[Kerror: [m[Kparse error in template argument list
[6.484s]    13 |         service_ = this->[01;31m[Kcreate_service<std_srvs::srv::Trigger>[m[K(
[6.485s]       |                          [01;31m[K^~~~~~~~~~~~~~~~~~~~~~~~~~~~~~~~~~~~~~[m[K
[6.500s] [01m[K/home/dominik/RRM/ros2_ws/src/zad2/src/zad2_node.cpp:13:64:[m[K [01;31m[Kerror: [m[Kno matching function for call to â€˜[01m[KCartesianTrajectoryPlanner::create_service<<expression error> >(const char [17], std::_Bind_helper<false, void (CartesianTrajectoryPlanner::*)(...), CartesianTrajectoryPlanner*, const std::_Placeholder<1>&, const std::_Placeholder<2>&>::type)[m[Kâ€™
[6.500s]    13 |         service_ = [01;31m[Kthis->create_service<std_srvs::srv::Trigger>([m[K
[6.501s]       |                    [01;31m[K~~~~~~~~~~~~~~~~~~~~~~~~~~~~~~~~~~~~~~~~~~~~^[m[K
[6.501s]    14 | [01;31m[K            "start_trajectory",[m[K
[6.501s]       |             [01;31m[K~~~~~~~~~~~~~~~~~~~[m[K                                 
[6.502s]    15 | [01;31m[K            std::bind(&CartesianTrajectoryPlanner::handle_service_request, this, std::placeholders::_1, std::placeholders::_2)[m[K
[6.502s]       |             [01;31m[K~~~~~~~~~~~~~~~~~~~~~~~~~~~~~~~~~~~~~~~~~~~~~~~~~~~~~~~~~~~~~~~~~~~~~~~~~~~~~~~~~~~~~~~~~~~~~~~~~~~~~~~~~~~~~~~~~~[m[K
[6.502s]    16 | [01;31m[K        )[m[K;
[6.502s]       |         [01;31m[K~[m[K                                                       
[6.502s] In file included from [01m[K/opt/ros/jazzy/include/rclcpp/rclcpp/executors/single_threaded_executor.hpp:28[m[K,
[6.502s]                  from [01m[K/opt/ros/jazzy/include/rclcpp/rclcpp/executors.hpp:22[m[K,
[6.502s]                  from [01m[K/opt/ros/jazzy/include/rclcpp/rclcpp/rclcpp.hpp:172[m[K:
[6.503s] [01m[K/opt/ros/jazzy/include/rclcpp/rclcpp/node.hpp:302:3:[m[K [01;36m[Knote: [m[Kcandidate: â€˜[01m[Ktemplate<class ServiceT, class CallbackT> typename rclcpp::Service<ServiceT>::SharedPtr rclcpp::Node::[01;32m[Kcreate_service[m[K(const std::string&, CallbackT&&, const rmw_qos_profile_t&, rclcpp::CallbackGroup::SharedPtr)[m[Kâ€™
[6.503s]   302 |   [01;36m[Kcreate_service[m[K(
[6.503s]       |   [01;36m[K^~~~~~~~~~~~~~[m[K
[6.503s] [01m[K/opt/ros/jazzy/include/rclcpp/rclcpp/node.hpp:302:3:[m[K [01;36m[Knote: [m[K  candidate expects 3 arguments, 2 provided
[6.503s] [01m[K/opt/ros/jazzy/include/rclcpp/rclcpp/node.hpp:318:3:[m[K [01;36m[Knote: [m[Kcandidate: â€˜[01m[Ktemplate<class ServiceT, class CallbackT> typename rclcpp::Service<ServiceT>::SharedPtr rclcpp::Node::[01;32m[Kcreate_service[m[K(const std::string&, CallbackT&&, const rclcpp::QoS&, rclcpp::CallbackGroup::SharedPtr)[m[Kâ€™
[6.503s]   318 |   [01;36m[Kcreate_service[m[K(
[6.504s]       |   [01;36m[K^~~~~~~~~~~~~~[m[K
[6.504s] [01m[K/opt/ros/jazzy/include/rclcpp/rclcpp/node.hpp:318:3:[m[K [01;36m[Knote: [m[K  template argument deduction/substitution failed:
[6.504s] [01m[K/home/dominik/RRM/ros2_ws/src/zad2/src/zad2_node.cpp:13:64:[m[K [01;31m[Kerror: [m[Ktemplate argument 1 is invalid
[6.504s]    13 |         service_ = [01;31m[Kthis->create_service<std_srvs::srv::Trigger>([m[K
[6.504s]       |                    [01;31m[K~~~~~~~~~~~~~~~~~~~~~~~~~~~~~~~~~~~~~~~~~~~~^[m[K
[6.504s]    14 | [01;31m[K            "start_trajectory",[m[K
[6.504s]       |             [01;31m[K~~~~~~~~~~~~~~~~~~~[m[K                                 
[6.505s]    15 | [01;31m[K            std::bind(&CartesianTrajectoryPlanner::handle_service_request, this, std::placeholders::_1, std::placeholders::_2)[m[K
[6.505s]       |             [01;31m[K~~~~~~~~~~~~~~~~~~~~~~~~~~~~~~~~~~~~~~~~~~~~~~~~~~~~~~~~~~~~~~~~~~~~~~~~~~~~~~~~~~~~~~~~~~~~~~~~~~~~~~~~~~~~~~~~~~[m[K
[6.505s]    16 | [01;31m[K        )[m[K;
[6.505s]       |         [01;31m[K~[m[K                                                       
[6.505s] [01m[K/home/dominik/RRM/ros2_ws/src/zad2/src/zad2_node.cpp:[m[K In member function â€˜[01m[Kvoid CartesianTrajectoryPlanner::[01;32m[Kinitialize_tool_position[m[K()[m[Kâ€™:
[6.505s] [01m[K/home/dominik/RRM/ros2_ws/src/zad2/src/zad2_node.cpp:27:67:[m[K [01;31m[Kerror: [m[Kno match for â€˜[01m[Koperator=[m[Kâ€™ (operand types are â€˜[01m[Kgeometry_msgs::msg::Pose_<std::allocator<void> >::_orientation_type[m[Kâ€™ {aka â€˜[01m[Kgeometry_msgs::msg::Quaternion_<std::allocator<void> >[m[Kâ€™} and â€˜[01m[KEigen::Quaterniond[m[Kâ€™ {aka â€˜[01m[KEigen::Quaternion<double>[m[Kâ€™})
[6.505s]    27 |         tool_pose_.pose.orientation = create_quaternion(0, 1, 0, 1[01;31m[K)[m[K;
[6.506s]       |                                                                   [01;31m[K^[m[K
[6.506s] In file included from [01m[K/opt/ros/jazzy/include/geometry_msgs/geometry_msgs/msg/detail/pose__struct.hpp:25[m[K,
[6.506s]                  from [01m[K/opt/ros/jazzy/include/geometry_msgs/geometry_msgs/msg/detail/pose_stamped__struct.hpp:25[m[K,
[6.506s]                  from [01m[K/opt/ros/jazzy/include/geometry_msgs/geometry_msgs/msg/pose_stamped.hpp:7[m[K,
[6.506s]                  from [01m[K/home/dominik/RRM/ros2_ws/src/zad2/src/zad2_node.cpp:2[m[K:
[6.506s] [01m[K/opt/ros/jazzy/include/geometry_msgs/geometry_msgs/msg/detail/quaternion__struct.hpp:35:8:[m[K [01;36m[Knote: [m[Kcandidate: â€˜[01m[Kconstexpr geometry_msgs::msg::Quaternion_<std::allocator<void> >& geometry_msgs::msg::Quaternion_<std::allocator<void> >::[01;32m[Koperator=[m[K(const geometry_msgs::msg::Quaternion_<std::allocator<void> >&)[m[Kâ€™
[6.506s]    35 | struct [01;36m[KQuaternion_[m[K
[6.507s]       |        [01;36m[K^~~~~~~~~~~[m[K
[6.507s] [01m[K/opt/ros/jazzy/include/geometry_msgs/geometry_msgs/msg/detail/quaternion__struct.hpp:35:8:[m[K [01;36m[Knote: [m[K  no known conversion for argument 1 from â€˜[01m[KEigen::Quaterniond[m[Kâ€™ {aka â€˜[01m[KEigen::Quaternion<double>[m[Kâ€™} to â€˜[01m[Kconst geometry_msgs::msg::Quaternion_<std::allocator<void> >&[m[Kâ€™
[6.507s] [01m[K/opt/ros/jazzy/include/geometry_msgs/geometry_msgs/msg/detail/quaternion__struct.hpp:35:8:[m[K [01;36m[Knote: [m[Kcandidate: â€˜[01m[Kconstexpr geometry_msgs::msg::Quaternion_<std::allocator<void> >& geometry_msgs::msg::Quaternion_<std::allocator<void> >::[01;32m[Koperator=[m[K(geometry_msgs::msg::Quaternion_<std::allocator<void> >&&)[m[Kâ€™
[6.507s] [01m[K/opt/ros/jazzy/include/geometry_msgs/geometry_msgs/msg/detail/quaternion__struct.hpp:35:8:[m[K [01;36m[Knote: [m[K  no known conversion for argument 1 from â€˜[01m[KEigen::Quaterniond[m[Kâ€™ {aka â€˜[01m[KEigen::Quaternion<double>[m[Kâ€™} to â€˜[01m[Kgeometry_msgs::msg::Quaternion_<std::allocator<void> >&&[m[Kâ€™
[6.519s] [01m[K/home/dominik/RRM/ros2_ws/src/zad2/src/zad2_node.cpp:[m[K In member function â€˜[01m[Kvoid CartesianTrajectoryPlanner::[01;32m[Khandle_service_request[m[K(...)[m[Kâ€™:
[6.519s] [01m[K/home/dominik/RRM/ros2_ws/src/zad2/src/zad2_node.cpp:35:9:[m[K [01;31m[Kerror: [m[Kâ€˜[01m[Kresponse[m[Kâ€™ was not declared in this scope
[6.519s]    35 |         [01;31m[Kresponse[m[K->success = true;
[6.520s]       |         [01;31m[K^~~~~~~~[m[K
[6.551s] [01m[K/home/dominik/RRM/ros2_ws/src/zad2/src/zad2_node.cpp:[m[K In member function â€˜[01m[Kvoid CartesianTrajectoryPlanner::[01;32m[Kexecute_trajectory[m[K()[m[Kâ€™:
[6.552s] [01m[K/home/dominik/RRM/ros2_ws/src/zad2/src/zad2_node.cpp:60:27:[m[K [01;31m[Kerror: [m[Kcannot convert â€˜[01m[Kconst CartesianTrajectoryPlanner::execute_trajectory()::Phase[m[Kâ€™ to â€˜[01m[Kconst int&[m[Kâ€™
[6.552s]    60 |             execute_phase([01;31m[Kphase[m[K);
[6.552s]       |                           [01;31m[K^~~~~[m[K
[6.552s]       |                           [01;31m[K|[m[K
[6.552s]       |                           [01;31m[Kconst CartesianTrajectoryPlanner::execute_trajectory()::Phase[m[K
[6.553s] [01m[K/home/dominik/RRM/ros2_ws/src/zad2/src/zad2_node.cpp:64:37:[m[K [01;36m[Knote: [m[K  initializing argument 1 of â€˜[01m[Kvoid CartesianTrajectoryPlanner::[01;32m[Kexecute_phase[m[K(const int&)[m[Kâ€™
[6.553s]    64 |     void execute_phase([01;36m[Kconst Phase& phase[m[K) {
[6.553s]       |                        [01;36m[K~~~~~~~~~~~~~^~~~~[m[K
[6.553s] [01m[K/home/dominik/RRM/ros2_ws/src/zad2/src/zad2_node.cpp:[m[K In member function â€˜[01m[Kvoid CartesianTrajectoryPlanner::[01;32m[Kexecute_phase[m[K(const int&)[m[Kâ€™:
[6.554s] [01m[K/home/dominik/RRM/ros2_ws/src/zad2/src/zad2_node.cpp:67:33:[m[K [01;31m[Kerror: [m[Krequest for member â€˜[01m[Kduration[m[Kâ€™ in â€˜[01m[Kphase[m[Kâ€™, which is of non-class type â€˜[01m[Kconst int[m[Kâ€™
[6.554s]    67 |         double duration = phase.[01;31m[Kduration[m[K;
[6.554s]       |                                 [01;31m[K^~~~~~~~[m[K
[6.554s] [01m[K/home/dominik/RRM/ros2_ws/src/zad2/src/zad2_node.cpp:80:60:[m[K [01;31m[Kerror: [m[Krequest for member â€˜[01m[Kstart_pos[m[Kâ€™ in â€˜[01m[Kphase[m[Kâ€™, which is of non-class type â€˜[01m[Kconst int[m[Kâ€™
[6.554s]    80 |            Eigen::Vector3d position = (1 - alpha) * phase.[01;31m[Kstart_pos[m[K + alpha * phase.end_pos;
[6.554s]       |                                                           [01;31m[K^~~~~~~~~[m[K
[6.555s] 
[6.555s] [01m[K/home/dominik/RRM/ros2_ws/src/zad2/src/zad2_node.cpp:80:86:[m[K [01;31m[Kerror: [m[Krequest for member â€˜[01m[Kend_pos[m[Kâ€™ in â€˜[01m[Kphase[m[Kâ€™, which is of non-class type â€˜[01m[Kconst int[m[Kâ€™
[6.555s]    80 | r3d position = (1 - alpha) * phase.start_pos + alpha * phase.[01;31m[Kend_pos[m[K;
[6.555s]       |                                                              [01;31m[K^~~~~~~[m[K
[6.555s] 
[6.555s] [01m[K/home/dominik/RRM/ros2_ws/src/zad2/src/zad2_node.cpp:81:49:[m[K [01;31m[Kerror: [m[Krequest for member â€˜[01m[Kstart_rot[m[Kâ€™ in â€˜[01m[Kphase[m[Kâ€™, which is of non-class type â€˜[01m[Kconst int[m[Kâ€™
[6.555s]    81 |             Eigen::Quaterniond rotation = phase.[01;31m[Kstart_rot[m[K.slerp(alpha, phase.end_rot);
[6.556s]       |                                                 [01;31m[K^~~~~~~~~[m[K
[6.556s] [01m[K/home/dominik/RRM/ros2_ws/src/zad2/src/zad2_node.cpp:81:78:[m[K [01;31m[Kerror: [m[Krequest for member â€˜[01m[Kend_rot[m[Kâ€™ in â€˜[01m[Kphase[m[Kâ€™, which is of non-class type â€˜[01m[Kconst int[m[Kâ€™
[6.556s]    81 | ::Quaterniond rotation = phase.start_rot.slerp(alpha, phase.[01;31m[Kend_rot[m[K);
[6.556s]       |                                                             [01;31m[K^~~~~~~[m[K
[6.556s] 
[8.736s] gmake[2]: *** [CMakeFiles/zad2_node.dir/build.make:76: CMakeFiles/zad2_node.dir/src/zad2_node.cpp.o] Error 1
[8.737s] gmake[1]: *** [CMakeFiles/Makefile2:137: CMakeFiles/zad2_node.dir/all] Error 2
[8.737s] gmake: *** [Makefile:146: all] Error 2
[8.741s] Invoked command in '/home/dominik/RRM/ros2_ws/build/zad2' returned '2': CMAKE_PREFIX_PATH=/home/dominik/RRM/ros2_ws/install/surani_interface:/home/dominik/RRM/ros2_ws/install/zad2:/home/dominik/RRM/ros2_ws/install/trajectory_visualization:/home/dominik/RRM/ros2_ws/install/block1_surani:/home/dominik/RRM/ros2_ws/install/rrm_simple_robot_model:/home/dominik/RRM/ros2_ws/install/rrm_sim:/home/dominik/RRM/ros2_ws/install/block1_suraniV2:/home/dominik/RRM/ros2_ws/install/rrm_msgs:/home/dominik/RRM/ros2_ws/install/ik_solver_example:/home/dominik/RRM/ros2_ws/install/eigen_example:/home/dominik/RRM/ros2_ws/install/cv1:/home/dominik/RRM/ros2_ws/install/abb_model:/home/dominik/RRM/ros2_ws/install/abb_irb4600_ikfast:/home/dominik/RRM/ros2_ws/install/Surani_interface:/home/dominik/RRM/zad1/install/zad1:/opt/ros/jazzy/opt/gz_math_vendor:/opt/ros/jazzy/opt/gz_utils_vendor:/opt/ros/jazzy/opt/gz_cmake_vendor:/opt/ros/jazzy DEBUGINFOD_URLS=https://debuginfod.ubuntu.com /usr/bin/cmake --build /home/dominik/RRM/ros2_ws/build/zad2 -- -j16 -l16
