[ 50%] Built target logger_node
[ 75%] [32mBuilding CXX object CMakeFiles/teleop_node.dir/src/teleop_node.cpp.o[0m
[01m[K/home/dominik/RRM/ros2_ws/src/block1_surani/src/teleop_node.cpp:48:9:[m[K [01;31m[Kerror: [m[Kextended character Â  is not valid in an identifier
   48 |         [01;31m[Kc[m[KoutÂ << "Quitting" << endl;
      |         [01;31m[K^[m[K
[01m[K/home/dominik/RRM/ros2_ws/src/block1_surani/src/teleop_node.cpp:[m[K In function â€˜[01m[Kint[01;32m[K main[m[K(int, char**)[m[Kâ€™:
[01m[K/home/dominik/RRM/ros2_ws/src/block1_surani/src/teleop_node.cpp:48:9:[m[K [01;31m[Kerror: [m[Kâ€˜[01m[KcoutÂ [m[Kâ€™ was not declared in this scope
   48 |         [01;31m[KcoutÂ [m[K<< "Quitting" << endl;
      |         [01;31m[K^~~~~[m[K
gmake[2]: *** [CMakeFiles/teleop_node.dir/build.make:76: CMakeFiles/teleop_node.dir/src/teleop_node.cpp.o] Error 1
gmake[1]: *** [CMakeFiles/Makefile2:139: CMakeFiles/teleop_node.dir/all] Error 2
gmake: *** [Makefile:146: all] Error 2
