[0.019s] Invoking command in '/home/dominik/RRM/zad1/build/zad1': CMAKE_PREFIX_PATH=${CMAKE_PREFIX_PATH}:/opt/ros/jazzy DEBUGINFOD_URLS=https://debuginfod.ubuntu.com /usr/bin/cmake --build /home/dominik/RRM/zad1/build/zad1 -- -j16 -l16
[0.141s] [ 66%] [32mBuilding CXX object CMakeFiles/zad1_node.dir/src/robot.cpp.o[0m
[0.142s] [ 66%] [32mBuilding CXX object CMakeFiles/zad1_node.dir/src/zad1_node.cpp.o[0m
[2.945s] [01m[K/home/dominik/RRM/zad1/src/zad1/src/robot.cpp:[m[K In member function ‚Äò[01m[Kvoid Robot::[01;32m[Kmove[m[K(double, double)[m[K‚Äô:
[2.945s] [01m[K/home/dominik/RRM/zad1/src/zad1/src/robot.cpp:10:19:[m[K [01;31m[Kerror: [m[K‚Äò[01m[Kposition[m[K‚Äô was not declared in this scope; did you mean ‚Äò[01m[Kposition_[m[K‚Äô?
[2.945s]    10 | this->position_ = [01;31m[Kposition[m[K;
[2.945s]       |                   [01;31m[K^~~~~~~~[m[K
[2.945s]       |                   [32m[Kposition_[m[K
[2.945s] [01m[K/home/dominik/RRM/zad1/src/zad1/src/robot.cpp:9:31:[m[K [01;35m[Kwarning: [m[Kunused parameter ‚Äò[01m[Kx[m[K‚Äô [[01;35m[K]8;;https://gcc.gnu.org/onlinedocs/gcc/Warning-Options.html#index-Wunused-parameter-Wunused-parameter]8;;[m[K]
[2.945s]     9 | void Robot::move([01;35m[Kconst double x[m[K, const double y) {
[2.946s]       |                  [01;35m[K~~~~~~~~~~~~~^[m[K
[2.946s] [01m[K/home/dominik/RRM/zad1/src/zad1/src/robot.cpp:9:47:[m[K [01;35m[Kwarning: [m[Kunused parameter ‚Äò[01m[Ky[m[K‚Äô [[01;35m[K]8;;https://gcc.gnu.org/onlinedocs/gcc/Warning-Options.html#index-Wunused-parameter-Wunused-parameter]8;;[m[K]
[2.946s]     9 | void Robot::move(const double x, [01;35m[Kconst double y[m[K) {
[2.946s]       |                                  [01;35m[K~~~~~~~~~~~~~^[m[K
[2.946s] [01m[K/home/dominik/RRM/zad1/src/zad1/src/robot.cpp:[m[K At global scope:
[2.946s] [01m[K/home/dominik/RRM/zad1/src/zad1/src/robot.cpp:13:8:[m[K [01;31m[Kerror: [m[Kno declaration matches ‚Äò[01m[Kdouble Robot::[01;32m[KgetCurrentPosition[m[K() const[m[K‚Äô
[2.946s]    13 | double [01;31m[KRobot[m[K::getCurrentPosition () const {
[2.946s]       |        [01;31m[K^~~~~[m[K
[2.946s] [01m[K/home/dominik/RRM/zad1/src/zad1/src/robot.cpp:13:8:[m[K [01;36m[Knote: [m[Kno functions named ‚Äò[01m[Kdouble Robot::[01;32m[KgetCurrentPosition[m[K() const[m[K‚Äô
[2.946s] In file included from [01m[K/home/dominik/RRM/zad1/src/zad1/src/robot.cpp:1[m[K:
[2.946s] [01m[K/home/dominik/RRM/zad1/src/zad1/include/zad1/robot.hpp:1:7:[m[K [01;36m[Knote: [m[K‚Äò[01m[Kclass Robot[m[K‚Äô defined here
[2.946s]     1 | class [01;36m[KRobot[m[K {
[2.946s]       |       [01;36m[K^~~~~[m[K
[2.978s] In file included from [01m[K/opt/ros/jazzy/include/rclcpp/rclcpp/logging.hpp:24[m[K,
[2.978s]                  from [01m[K/opt/ros/jazzy/include/rclcpp/rclcpp/copy_all_parameter_values.hpp:27[m[K,
[2.978s]                  from [01m[K/opt/ros/jazzy/include/rclcpp/rclcpp/rclcpp.hpp:171[m[K,
[2.978s]                  from [01m[K/home/dominik/RRM/zad1/src/zad1/src/zad1_node.cpp:2[m[K:
[2.978s] [01m[K/home/dominik/RRM/zad1/src/zad1/src/zad1_node.cpp:[m[K In function ‚Äò[01m[Kint[01;32m[K main[m[K(int, char**)[m[K‚Äô:
[2.978s] [01m[K/home/dominik/RRM/zad1/src/zad1/src/zad1_node.cpp:9:27:[m[K [01;31m[Kerror: [m[K‚Äò[01m[Kclass Robot[m[K‚Äô has no member named ‚Äò[01m[KgetCurrentPosition[m[K‚Äô
[2.978s]     9 |     "Position: %f", robot.[01;31m[KgetCurrentPosition[m[K());
[2.978s]       |                           [01;31m[K^~~~~~~~~~~~~~~~~~[m[K
[2.978s] [01m[K/home/dominik/RRM/zad1/src/zad1/src/zad1_node.cpp:11:11:[m[K [01;31m[Kerror: [m[Kno matching function for call to ‚Äò[01m[KRobot::move(double)[m[K‚Äô
[2.979s]    11 | [01;31m[Krobot.move(1.0)[m[K;
[2.979s]       | [01;31m[K~~~~~~~~~~^~~~~[m[K
[2.979s] In file included from [01m[K/home/dominik/RRM/zad1/src/zad1/src/zad1_node.cpp:1[m[K:
[2.979s] [01m[K/home/dominik/RRM/zad1/src/zad1/include/zad1/robot.hpp:4:14:[m[K [01;36m[Knote: [m[Kcandidate: ‚Äò[01m[Kvoid Robot::[01;32m[Kmove[m[K(double, double)[m[K‚Äô
[2.979s]     4 |         void [01;36m[Kmove[m[K(double x, double y);
[2.979s]       |              [01;36m[K^~~~[m[K
[2.979s] [01m[K/home/dominik/RRM/zad1/src/zad1/include/zad1/robot.hpp:4:14:[m[K [01;36m[Knote: [m[K  candidate expects 2 arguments, 1 provided
[2.979s] [01m[K/home/dominik/RRM/zad1/src/zad1/src/zad1_node.cpp:14:27:[m[K [01;31m[Kerror: [m[K‚Äò[01m[Kclass Robot[m[K‚Äô has no member named ‚Äò[01m[KgetCurrentPosition[m[K‚Äô
[2.979s]    14 |     "Position: %f", robot.[01;31m[KgetCurrentPosition[m[K());
[2.979s]       |                           [01;31m[K^~~~~~~~~~~~~~~~~~[m[K
[3.506s] gmake[2]: *** [CMakeFiles/zad1_node.dir/build.make:90: CMakeFiles/zad1_node.dir/src/robot.cpp.o] Error 1
[3.506s] gmake[2]: *** ƒåak√° sa na nedokonƒçen√© √∫lohy....
[3.575s] gmake[2]: *** [CMakeFiles/zad1_node.dir/build.make:76: CMakeFiles/zad1_node.dir/src/zad1_node.cpp.o] Error 1
[3.575s] gmake[1]: *** [CMakeFiles/Makefile2:137: CMakeFiles/zad1_node.dir/all] Error 2
[3.575s] gmake: *** [Makefile:146: all] Error 2
[3.578s] Invoked command in '/home/dominik/RRM/zad1/build/zad1' returned '2': CMAKE_PREFIX_PATH=${CMAKE_PREFIX_PATH}:/opt/ros/jazzy DEBUGINFOD_URLS=https://debuginfod.ubuntu.com /usr/bin/cmake --build /home/dominik/RRM/zad1/build/zad1 -- -j16 -l16
