[0.019s] Invoking command in '/home/dominik/RRM/zad1/build/zad1': CMAKE_PREFIX_PATH=${CMAKE_PREFIX_PATH}:/opt/ros/jazzy DEBUGINFOD_URLS=https://debuginfod.ubuntu.com /usr/bin/cmake --build /home/dominik/RRM/zad1/build/zad1 -- -j16 -l16
[0.065s] -- Found ament_cmake: 2.5.2 (/opt/ros/jazzy/share/ament_cmake/cmake)
[0.396s] -- Found rclcpp: 28.1.3 (/opt/ros/jazzy/share/rclcpp/cmake)
[0.438s] -- Found rosidl_generator_c: 4.6.3 (/opt/ros/jazzy/share/rosidl_generator_c/cmake)
[0.451s] -- Found rosidl_generator_cpp: 4.6.3 (/opt/ros/jazzy/share/rosidl_generator_cpp/cmake)
[0.467s] -- Using all available rosidl_typesupport_c: rosidl_typesupport_fastrtps_c;rosidl_typesupport_introspection_c
[0.488s] -- Using all available rosidl_typesupport_cpp: rosidl_typesupport_fastrtps_cpp;rosidl_typesupport_introspection_cpp
[0.585s] -- Found rmw_implementation_cmake: 7.3.1 (/opt/ros/jazzy/share/rmw_implementation_cmake/cmake)
[0.586s] -- Found rmw_fastrtps_cpp: 8.4.1 (/opt/ros/jazzy/share/rmw_fastrtps_cpp/cmake)
[0.688s] -- Using RMW implementation 'rmw_fastrtps_cpp' as default
[0.789s] -- Found ament_lint_auto: 0.17.1 (/opt/ros/jazzy/share/ament_lint_auto/cmake)
[0.949s] -- Added test 'cppcheck' to perform static code analysis on C / C++ code
[0.949s] -- Configured cppcheck include dirs: $<BUILD_INTERFACE:/home/dominik/RRM/zad1/src/zad1/include>
[0.949s] -- Configured cppcheck exclude dirs and/or files: 
[0.949s] -- Added test 'lint_cmake' to check CMake code style
[0.951s] -- Added test 'uncrustify' to check C / C++ code style
[0.951s] -- Configured uncrustify additional arguments: 
[0.951s] -- Added test 'xmllint' to check XML markup files
[0.952s] -- Configuring done (0.9s)
[0.968s] -- Generating done (0.0s)
[0.971s] -- Build files have been written to: /home/dominik/RRM/zad1/build/zad1
[1.041s] [ 66%] [32mBuilding CXX object CMakeFiles/zad1_node.dir/src/robot.cpp.o[0m
[1.041s] [ 66%] [32mBuilding CXX object CMakeFiles/zad1_node.dir/src/zad1_node.cpp.o[0m
[1.057s] [01m[K/home/dominik/RRM/zad1/src/zad1/src/robot.cpp:1:10:[m[K [01;31m[Kfatal error: [m[Kcv1/robot.hpp: Adres√°r alebo s√∫bor neexistuje
[1.058s]     1 | #include [01;31m[K"cv1/robot.hpp"[m[K
[1.058s]       |          [01;31m[K^~~~~~~~~~~~~~~[m[K
[1.058s] [01m[K/home/dominik/RRM/zad1/src/zad1/src/zad1_node.cpp:1:10:[m[K [01;31m[Kfatal error: [m[Kcv1/robot.hpp: Adres√°r alebo s√∫bor neexistuje
[1.058s]     1 | #include [01;31m[K"cv1/robot.hpp"[m[K
[1.058s]       |          [01;31m[K^~~~~~~~~~~~~~~[m[K
[1.059s] compilation terminated.
[1.059s] compilation terminated.
[1.060s] gmake[2]: *** [CMakeFiles/zad1_node.dir/build.make:90: CMakeFiles/zad1_node.dir/src/robot.cpp.o] Error 1
[1.060s] gmake[2]: *** ƒåak√° sa na nedokonƒçen√© √∫lohy....
[1.060s] gmake[2]: *** [CMakeFiles/zad1_node.dir/build.make:76: CMakeFiles/zad1_node.dir/src/zad1_node.cpp.o] Error 1
[1.061s] gmake[1]: *** [CMakeFiles/Makefile2:137: CMakeFiles/zad1_node.dir/all] Error 2
[1.061s] gmake: *** [Makefile:146: all] Error 2
[1.066s] Invoked command in '/home/dominik/RRM/zad1/build/zad1' returned '2': CMAKE_PREFIX_PATH=${CMAKE_PREFIX_PATH}:/opt/ros/jazzy DEBUGINFOD_URLS=https://debuginfod.ubuntu.com /usr/bin/cmake --build /home/dominik/RRM/zad1/build/zad1 -- -j16 -l16
